<?xml version="1.0" encoding="UTF-8"?>
<coverage generated="1710806094595" clover="3.2.0">
  <project timestamp="1710806094596" name="All files">
    <metrics statements="2780" coveredstatements="1527" conditionals="103" coveredconditionals="72" methods="80" coveredmethods="40" elements="2963" coveredelements="1639" complexity="0" loc="2780" ncloc="2780" packages="35" files="41" classes="41"/>
    <package name="orca_whale_db">
      <metrics statements="33" coveredstatements="0" conditionals="2" coveredconditionals="0" methods="2" coveredmethods="0"/>
      <file name="postcss.config.js" path="/Users/khamsang/Desktop/winter24/csci342/project/csci342-orca_whale_database/orca_whale_db/postcss.config.js">
        <metrics statements="6" coveredstatements="0" conditionals="1" coveredconditionals="0" methods="1" coveredmethods="0"/>
        <line num="1" count="0" type="cond" truecount="0" falsecount="1"/>
        <line num="2" count="0" type="stmt"/>
        <line num="3" count="0" type="stmt"/>
        <line num="4" count="0" type="stmt"/>
        <line num="5" count="0" type="stmt"/>
        <line num="6" count="0" type="stmt"/>
      </file>
      <file name="tailwind.config.js" path="/Users/khamsang/Desktop/winter24/csci342/project/csci342-orca_whale_database/orca_whale_db/tailwind.config.js">
        <metrics statements="27" coveredstatements="0" conditionals="1" coveredconditionals="0" methods="1" coveredmethods="0"/>
        <line num="1" count="0" type="cond" truecount="0" falsecount="1"/>
        <line num="2" count="0" type="stmt"/>
        <line num="3" count="0" type="stmt"/>
        <line num="4" count="0" type="stmt"/>
        <line num="5" count="0" type="stmt"/>
        <line num="6" count="0" type="stmt"/>
        <line num="7" count="0" type="stmt"/>
        <line num="8" count="0" type="stmt"/>
        <line num="9" count="0" type="stmt"/>
        <line num="10" count="0" type="stmt"/>
        <line num="11" count="0" type="stmt"/>
        <line num="12" count="0" type="stmt"/>
        <line num="13" count="0" type="stmt"/>
        <line num="14" count="0" type="stmt"/>
        <line num="15" count="0" type="stmt"/>
        <line num="16" count="0" type="stmt"/>
        <line num="17" count="0" type="stmt"/>
        <line num="18" count="0" type="stmt"/>
        <line num="19" count="0" type="stmt"/>
        <line num="20" count="0" type="stmt"/>
        <line num="21" count="0" type="stmt"/>
        <line num="22" count="0" type="stmt"/>
        <line num="23" count="0" type="stmt"/>
        <line num="24" count="0" type="stmt"/>
        <line num="25" count="0" type="stmt"/>
        <line num="26" count="0" type="stmt"/>
        <line num="27" count="0" type="stmt"/>
      </file>
    </package>
    <package name="orca_whale_db.src">
      <metrics statements="64" coveredstatements="0" conditionals="1" coveredconditionals="0" methods="1" coveredmethods="0"/>
      <file name="main.jsx" path="/Users/khamsang/Desktop/winter24/csci342/project/csci342-orca_whale_database/orca_whale_db/src/main.jsx">
        <metrics statements="64" coveredstatements="0" conditionals="1" coveredconditionals="0" methods="1" coveredmethods="0"/>
        <line num="1" count="0" type="cond" truecount="0" falsecount="1"/>
        <line num="2" count="0" type="stmt"/>
        <line num="3" count="0" type="stmt"/>
        <line num="4" count="0" type="stmt"/>
        <line num="5" count="0" type="stmt"/>
        <line num="6" count="0" type="stmt"/>
        <line num="7" count="0" type="stmt"/>
        <line num="8" count="0" type="stmt"/>
        <line num="9" count="0" type="stmt"/>
        <line num="10" count="0" type="stmt"/>
        <line num="11" count="0" type="stmt"/>
        <line num="12" count="0" type="stmt"/>
        <line num="13" count="0" type="stmt"/>
        <line num="14" count="0" type="stmt"/>
        <line num="15" count="0" type="stmt"/>
        <line num="16" count="0" type="stmt"/>
        <line num="17" count="0" type="stmt"/>
        <line num="18" count="0" type="stmt"/>
        <line num="19" count="0" type="stmt"/>
        <line num="20" count="0" type="stmt"/>
        <line num="21" count="0" type="stmt"/>
        <line num="22" count="0" type="stmt"/>
        <line num="23" count="0" type="stmt"/>
        <line num="24" count="0" type="stmt"/>
        <line num="25" count="0" type="stmt"/>
        <line num="26" count="0" type="stmt"/>
        <line num="27" count="0" type="stmt"/>
        <line num="28" count="0" type="stmt"/>
        <line num="29" count="0" type="stmt"/>
        <line num="30" count="0" type="stmt"/>
        <line num="31" count="0" type="stmt"/>
        <line num="32" count="0" type="stmt"/>
        <line num="33" count="0" type="stmt"/>
        <line num="34" count="0" type="stmt"/>
        <line num="35" count="0" type="stmt"/>
        <line num="36" count="0" type="stmt"/>
        <line num="37" count="0" type="stmt"/>
        <line num="38" count="0" type="stmt"/>
        <line num="39" count="0" type="stmt"/>
        <line num="40" count="0" type="stmt"/>
        <line num="41" count="0" type="stmt"/>
        <line num="42" count="0" type="stmt"/>
        <line num="43" count="0" type="stmt"/>
        <line num="44" count="0" type="stmt"/>
        <line num="45" count="0" type="stmt"/>
        <line num="46" count="0" type="stmt"/>
        <line num="47" count="0" type="stmt"/>
        <line num="48" count="0" type="stmt"/>
        <line num="49" count="0" type="stmt"/>
        <line num="50" count="0" type="stmt"/>
        <line num="51" count="0" type="stmt"/>
        <line num="52" count="0" type="stmt"/>
        <line num="53" count="0" type="stmt"/>
        <line num="54" count="0" type="stmt"/>
        <line num="55" count="0" type="stmt"/>
        <line num="56" count="0" type="stmt"/>
        <line num="57" count="0" type="stmt"/>
        <line num="58" count="0" type="stmt"/>
        <line num="59" count="0" type="stmt"/>
        <line num="60" count="0" type="stmt"/>
        <line num="61" count="0" type="stmt"/>
        <line num="62" count="0" type="stmt"/>
        <line num="63" count="0" type="stmt"/>
        <line num="64" count="0" type="stmt"/>
      </file>
    </package>
    <package name="orca_whale_db.src.components.AboutUs">
      <metrics statements="23" coveredstatements="23" conditionals="1" coveredconditionals="1" methods="1" coveredmethods="1"/>
      <file name="AboutUs.jsx" path="/Users/khamsang/Desktop/winter24/csci342/project/csci342-orca_whale_database/orca_whale_db/src/components/AboutUs/AboutUs.jsx">
        <metrics statements="23" coveredstatements="23" conditionals="1" coveredconditionals="1" methods="1" coveredmethods="1"/>
        <line num="1" count="1" type="stmt"/>
        <line num="2" count="1" type="stmt"/>
        <line num="3" count="1" type="stmt"/>
        <line num="4" count="1" type="stmt"/>
        <line num="5" count="1" type="cond" truecount="1" falsecount="0"/>
        <line num="6" count="1" type="stmt"/>
        <line num="7" count="1" type="stmt"/>
        <line num="8" count="1" type="stmt"/>
        <line num="9" count="1" type="stmt"/>
        <line num="10" count="1" type="stmt"/>
        <line num="11" count="1" type="stmt"/>
        <line num="12" count="1" type="stmt"/>
        <line num="13" count="1" type="stmt"/>
        <line num="14" count="1" type="stmt"/>
        <line num="15" count="1" type="stmt"/>
        <line num="16" count="1" type="stmt"/>
        <line num="17" count="1" type="stmt"/>
        <line num="18" count="1" type="stmt"/>
        <line num="19" count="1" type="stmt"/>
        <line num="20" count="1" type="stmt"/>
        <line num="21" count="1" type="stmt"/>
        <line num="22" count="1" type="stmt"/>
        <line num="23" count="1" type="stmt"/>
      </file>
    </package>
    <package name="orca_whale_db.src.components.Account">
      <metrics statements="372" coveredstatements="196" conditionals="7" coveredconditionals="3" methods="13" coveredmethods="1"/>
      <file name="Account.jsx" path="/Users/khamsang/Desktop/winter24/csci342/project/csci342-orca_whale_database/orca_whale_db/src/components/Account/Account.jsx">
        <metrics statements="372" coveredstatements="196" conditionals="7" coveredconditionals="3" methods="13" coveredmethods="1"/>
        <line num="1" count="1" type="stmt"/>
        <line num="2" count="1" type="stmt"/>
        <line num="3" count="1" type="stmt"/>
        <line num="4" count="1" type="stmt"/>
        <line num="5" count="1" type="stmt"/>
        <line num="6" count="1" type="stmt"/>
        <line num="7" count="1" type="stmt"/>
        <line num="8" count="1" type="stmt"/>
        <line num="9" count="1" type="stmt"/>
        <line num="10" count="1" type="stmt"/>
        <line num="11" count="1" type="stmt"/>
        <line num="12" count="1" type="stmt"/>
        <line num="13" count="1" type="cond" truecount="1" falsecount="0"/>
        <line num="14" count="2" type="stmt"/>
        <line num="15" count="2" type="cond" truecount="1" falsecount="0"/>
        <line num="16" count="2" type="stmt"/>
        <line num="17" count="2" type="stmt"/>
        <line num="18" count="2" type="stmt"/>
        <line num="19" count="2" type="stmt"/>
        <line num="20" count="2" type="stmt"/>
        <line num="21" count="2" type="stmt"/>
        <line num="22" count="2" type="stmt"/>
        <line num="23" count="2" type="stmt"/>
        <line num="24" count="2" type="stmt"/>
        <line num="25" count="2" type="stmt"/>
        <line num="26" count="2" type="stmt"/>
        <line num="27" count="2" type="stmt"/>
        <line num="28" count="2" type="stmt"/>
        <line num="29" count="2" type="stmt"/>
        <line num="30" count="2" type="stmt"/>
        <line num="31" count="2" type="stmt"/>
        <line num="32" count="2" type="stmt"/>
        <line num="33" count="2" type="stmt"/>
        <line num="34" count="2" type="stmt"/>
        <line num="35" count="2" type="cond" truecount="1" falsecount="0"/>
        <line num="36" count="1" type="stmt"/>
        <line num="37" count="1" type="stmt"/>
        <line num="38" count="1" type="stmt"/>
        <line num="39" count="1" type="stmt"/>
        <line num="40" count="1" type="stmt"/>
        <line num="41" count="1" type="stmt"/>
        <line num="42" count="0" type="stmt"/>
        <line num="43" count="0" type="stmt"/>
        <line num="44" count="0" type="stmt"/>
        <line num="45" count="1" type="stmt"/>
        <line num="46" count="1" type="stmt"/>
        <line num="47" count="0" type="stmt"/>
        <line num="48" count="1" type="stmt"/>
        <line num="49" count="1" type="stmt"/>
        <line num="50" count="1" type="stmt"/>
        <line num="51" count="1" type="stmt"/>
        <line num="52" count="1" type="stmt"/>
        <line num="53" count="1" type="stmt"/>
        <line num="54" count="1" type="stmt"/>
        <line num="55" count="1" type="stmt"/>
        <line num="56" count="1" type="stmt"/>
        <line num="57" count="2" type="stmt"/>
        <line num="58" count="2" type="stmt"/>
        <line num="59" count="2" type="stmt"/>
        <line num="60" count="0" type="stmt"/>
        <line num="61" count="0" type="stmt"/>
        <line num="62" count="0" type="stmt"/>
        <line num="63" count="0" type="stmt"/>
        <line num="64" count="0" type="stmt"/>
        <line num="65" count="0" type="stmt"/>
        <line num="66" count="0" type="stmt"/>
        <line num="67" count="0" type="stmt"/>
        <line num="68" count="0" type="stmt"/>
        <line num="69" count="0" type="stmt"/>
        <line num="70" count="0" type="stmt"/>
        <line num="71" count="0" type="stmt"/>
        <line num="72" count="0" type="stmt"/>
        <line num="73" count="0" type="stmt"/>
        <line num="74" count="0" type="stmt"/>
        <line num="75" count="0" type="stmt"/>
        <line num="76" count="0" type="stmt"/>
        <line num="77" count="0" type="stmt"/>
        <line num="78" count="0" type="stmt"/>
        <line num="79" count="0" type="stmt"/>
        <line num="80" count="0" type="stmt"/>
        <line num="81" count="2" type="stmt"/>
        <line num="82" count="2" type="stmt"/>
        <line num="83" count="2" type="stmt"/>
        <line num="84" count="0" type="stmt"/>
        <line num="85" count="0" type="stmt"/>
        <line num="86" count="0" type="stmt"/>
        <line num="87" count="0" type="stmt"/>
        <line num="88" count="0" type="stmt"/>
        <line num="89" count="0" type="stmt"/>
        <line num="90" count="0" type="stmt"/>
        <line num="91" count="2" type="stmt"/>
        <line num="92" count="2" type="stmt"/>
        <line num="93" count="0" type="stmt"/>
        <line num="94" count="0" type="stmt"/>
        <line num="95" count="2" type="stmt"/>
        <line num="96" count="2" type="stmt"/>
        <line num="97" count="0" type="stmt"/>
        <line num="98" count="0" type="stmt"/>
        <line num="99" count="2" type="stmt"/>
        <line num="100" count="2" type="stmt"/>
        <line num="101" count="0" type="stmt"/>
        <line num="102" count="0" type="stmt"/>
        <line num="103" count="0" type="stmt"/>
        <line num="104" count="0" type="stmt"/>
        <line num="105" count="0" type="stmt"/>
        <line num="106" count="0" type="stmt"/>
        <line num="107" count="2" type="stmt"/>
        <line num="108" count="2" type="stmt"/>
        <line num="109" count="0" type="stmt"/>
        <line num="110" count="0" type="stmt"/>
        <line num="111" count="0" type="stmt"/>
        <line num="112" count="0" type="stmt"/>
        <line num="113" count="0" type="stmt"/>
        <line num="114" count="0" type="stmt"/>
        <line num="115" count="0" type="stmt"/>
        <line num="116" count="0" type="stmt"/>
        <line num="117" count="0" type="stmt"/>
        <line num="118" count="0" type="stmt"/>
        <line num="119" count="0" type="stmt"/>
        <line num="120" count="0" type="stmt"/>
        <line num="121" count="0" type="stmt"/>
        <line num="122" count="0" type="stmt"/>
        <line num="123" count="0" type="stmt"/>
        <line num="124" count="0" type="stmt"/>
        <line num="125" count="0" type="stmt"/>
        <line num="126" count="0" type="stmt"/>
        <line num="127" count="0" type="stmt"/>
        <line num="128" count="0" type="stmt"/>
        <line num="129" count="0" type="stmt"/>
        <line num="130" count="0" type="stmt"/>
        <line num="131" count="0" type="stmt"/>
        <line num="132" count="0" type="stmt"/>
        <line num="133" count="0" type="stmt"/>
        <line num="134" count="0" type="stmt"/>
        <line num="135" count="0" type="stmt"/>
        <line num="136" count="0" type="stmt"/>
        <line num="137" count="0" type="stmt"/>
        <line num="138" count="0" type="stmt"/>
        <line num="139" count="0" type="stmt"/>
        <line num="140" count="0" type="stmt"/>
        <line num="141" count="0" type="stmt"/>
        <line num="142" count="0" type="stmt"/>
        <line num="143" count="0" type="stmt"/>
        <line num="144" count="0" type="stmt"/>
        <line num="145" count="0" type="stmt"/>
        <line num="146" count="0" type="stmt"/>
        <line num="147" count="0" type="stmt"/>
        <line num="148" count="0" type="stmt"/>
        <line num="149" count="2" type="stmt"/>
        <line num="150" count="2" type="stmt"/>
        <line num="151" count="0" type="stmt"/>
        <line num="152" count="0" type="stmt"/>
        <line num="153" count="0" type="stmt"/>
        <line num="154" count="0" type="stmt"/>
        <line num="155" count="2" type="stmt"/>
        <line num="156" count="2" type="stmt"/>
        <line num="157" count="2" type="stmt"/>
        <line num="158" count="2" type="stmt"/>
        <line num="159" count="2" type="stmt"/>
        <line num="160" count="2" type="stmt"/>
        <line num="161" count="2" type="stmt"/>
        <line num="162" count="0" type="stmt"/>
        <line num="163" count="0" type="stmt"/>
        <line num="164" count="0" type="stmt"/>
        <line num="165" count="0" type="stmt"/>
        <line num="166" count="2" type="stmt"/>
        <line num="167" count="2" type="stmt"/>
        <line num="168" count="2" type="stmt"/>
        <line num="169" count="0" type="stmt"/>
        <line num="170" count="0" type="stmt"/>
        <line num="171" count="0" type="stmt"/>
        <line num="172" count="0" type="stmt"/>
        <line num="173" count="0" type="stmt"/>
        <line num="174" count="2" type="stmt"/>
        <line num="175" count="2" type="stmt"/>
        <line num="176" count="2" type="stmt"/>
        <line num="177" count="2" type="stmt"/>
        <line num="178" count="2" type="stmt"/>
        <line num="179" count="2" type="stmt"/>
        <line num="180" count="2" type="stmt"/>
        <line num="181" count="2" type="stmt"/>
        <line num="182" count="2" type="stmt"/>
        <line num="183" count="2" type="cond" truecount="0" falsecount="1"/>
        <line num="184" count="0" type="stmt"/>
        <line num="185" count="0" type="stmt"/>
        <line num="186" count="0" type="stmt"/>
        <line num="187" count="0" type="stmt"/>
        <line num="188" count="0" type="stmt"/>
        <line num="189" count="0" type="stmt"/>
        <line num="190" count="0" type="stmt"/>
        <line num="191" count="0" type="stmt"/>
        <line num="192" count="0" type="stmt"/>
        <line num="193" count="0" type="stmt"/>
        <line num="194" count="0" type="stmt"/>
        <line num="195" count="0" type="stmt"/>
        <line num="196" count="0" type="stmt"/>
        <line num="197" count="0" type="stmt"/>
        <line num="198" count="0" type="stmt"/>
        <line num="199" count="0" type="stmt"/>
        <line num="200" count="0" type="stmt"/>
        <line num="201" count="0" type="stmt"/>
        <line num="202" count="0" type="stmt"/>
        <line num="203" count="0" type="stmt"/>
        <line num="204" count="0" type="stmt"/>
        <line num="205" count="0" type="stmt"/>
        <line num="206" count="0" type="stmt"/>
        <line num="207" count="0" type="stmt"/>
        <line num="208" count="2" type="stmt"/>
        <line num="209" count="2" type="stmt"/>
        <line num="210" count="2" type="stmt"/>
        <line num="211" count="2" type="stmt"/>
        <line num="212" count="2" type="stmt"/>
        <line num="213" count="2" type="stmt"/>
        <line num="214" count="2" type="stmt"/>
        <line num="215" count="2" type="stmt"/>
        <line num="216" count="2" type="stmt"/>
        <line num="217" count="2" type="stmt"/>
        <line num="218" count="2" type="stmt"/>
        <line num="219" count="2" type="stmt"/>
        <line num="220" count="2" type="stmt"/>
        <line num="221" count="2" type="stmt"/>
        <line num="222" count="2" type="stmt"/>
        <line num="223" count="2" type="stmt"/>
        <line num="224" count="2" type="stmt"/>
        <line num="225" count="2" type="stmt"/>
        <line num="226" count="2" type="stmt"/>
        <line num="227" count="2" type="stmt"/>
        <line num="228" count="2" type="stmt"/>
        <line num="229" count="2" type="stmt"/>
        <line num="230" count="2" type="stmt"/>
        <line num="231" count="2" type="stmt"/>
        <line num="232" count="2" type="stmt"/>
        <line num="233" count="2" type="stmt"/>
        <line num="234" count="2" type="stmt"/>
        <line num="235" count="2" type="stmt"/>
        <line num="236" count="2" type="stmt"/>
        <line num="237" count="2" type="stmt"/>
        <line num="238" count="2" type="stmt"/>
        <line num="239" count="2" type="stmt"/>
        <line num="240" count="2" type="stmt"/>
        <line num="241" count="2" type="stmt"/>
        <line num="242" count="2" type="stmt"/>
        <line num="243" count="2" type="stmt"/>
        <line num="244" count="2" type="stmt"/>
        <line num="245" count="2" type="stmt"/>
        <line num="246" count="2" type="stmt"/>
        <line num="247" count="2" type="stmt"/>
        <line num="248" count="2" type="stmt"/>
        <line num="249" count="2" type="stmt"/>
        <line num="250" count="2" type="stmt"/>
        <line num="251" count="2" type="stmt"/>
        <line num="252" count="2" type="stmt"/>
        <line num="253" count="2" type="stmt"/>
        <line num="254" count="2" type="stmt"/>
        <line num="255" count="2" type="stmt"/>
        <line num="256" count="2" type="stmt"/>
        <line num="257" count="2" type="stmt"/>
        <line num="258" count="2" type="stmt"/>
        <line num="259" count="2" type="stmt"/>
        <line num="260" count="2" type="stmt"/>
        <line num="261" count="2" type="stmt"/>
        <line num="262" count="2" type="stmt"/>
        <line num="263" count="2" type="stmt"/>
        <line num="264" count="2" type="cond" truecount="0" falsecount="1"/>
        <line num="265" count="0" type="stmt"/>
        <line num="266" count="2" type="stmt"/>
        <line num="267" count="2" type="cond" truecount="0" falsecount="1"/>
        <line num="268" count="0" type="stmt"/>
        <line num="269" count="0" type="stmt"/>
        <line num="270" count="0" type="stmt"/>
        <line num="271" count="0" type="stmt"/>
        <line num="272" count="0" type="stmt"/>
        <line num="273" count="0" type="stmt"/>
        <line num="274" count="0" type="stmt"/>
        <line num="275" count="0" type="stmt"/>
        <line num="276" count="0" type="stmt"/>
        <line num="277" count="0" type="stmt"/>
        <line num="278" count="0" type="stmt"/>
        <line num="279" count="0" type="stmt"/>
        <line num="280" count="0" type="stmt"/>
        <line num="281" count="0" type="stmt"/>
        <line num="282" count="0" type="stmt"/>
        <line num="283" count="0" type="stmt"/>
        <line num="284" count="0" type="stmt"/>
        <line num="285" count="0" type="stmt"/>
        <line num="286" count="0" type="stmt"/>
        <line num="287" count="0" type="stmt"/>
        <line num="288" count="0" type="stmt"/>
        <line num="289" count="0" type="stmt"/>
        <line num="290" count="0" type="stmt"/>
        <line num="291" count="0" type="stmt"/>
        <line num="292" count="0" type="stmt"/>
        <line num="293" count="0" type="stmt"/>
        <line num="294" count="0" type="stmt"/>
        <line num="295" count="0" type="stmt"/>
        <line num="296" count="2" type="stmt"/>
        <line num="297" count="2" type="stmt"/>
        <line num="298" count="2" type="stmt"/>
        <line num="299" count="2" type="stmt"/>
        <line num="300" count="2" type="stmt"/>
        <line num="301" count="2" type="stmt"/>
        <line num="302" count="2" type="stmt"/>
        <line num="303" count="2" type="stmt"/>
        <line num="304" count="2" type="stmt"/>
        <line num="305" count="2" type="stmt"/>
        <line num="306" count="2" type="stmt"/>
        <line num="307" count="2" type="stmt"/>
        <line num="308" count="2" type="stmt"/>
        <line num="309" count="2" type="stmt"/>
        <line num="310" count="2" type="stmt"/>
        <line num="311" count="2" type="stmt"/>
        <line num="312" count="2" type="stmt"/>
        <line num="313" count="2" type="stmt"/>
        <line num="314" count="2" type="stmt"/>
        <line num="315" count="2" type="stmt"/>
        <line num="316" count="2" type="stmt"/>
        <line num="317" count="2" type="stmt"/>
        <line num="318" count="2" type="stmt"/>
        <line num="319" count="2" type="stmt"/>
        <line num="320" count="2" type="stmt"/>
        <line num="321" count="2" type="stmt"/>
        <line num="322" count="2" type="stmt"/>
        <line num="323" count="2" type="stmt"/>
        <line num="324" count="2" type="stmt"/>
        <line num="325" count="2" type="stmt"/>
        <line num="326" count="2" type="stmt"/>
        <line num="327" count="2" type="stmt"/>
        <line num="328" count="2" type="stmt"/>
        <line num="329" count="2" type="stmt"/>
        <line num="330" count="2" type="stmt"/>
        <line num="331" count="2" type="stmt"/>
        <line num="332" count="2" type="stmt"/>
        <line num="333" count="2" type="stmt"/>
        <line num="334" count="2" type="cond" truecount="0" falsecount="1"/>
        <line num="335" count="0" type="stmt"/>
        <line num="336" count="0" type="stmt"/>
        <line num="337" count="0" type="stmt"/>
        <line num="338" count="0" type="stmt"/>
        <line num="339" count="0" type="stmt"/>
        <line num="340" count="0" type="stmt"/>
        <line num="341" count="0" type="stmt"/>
        <line num="342" count="0" type="stmt"/>
        <line num="343" count="0" type="stmt"/>
        <line num="344" count="0" type="stmt"/>
        <line num="345" count="0" type="stmt"/>
        <line num="346" count="0" type="stmt"/>
        <line num="347" count="0" type="stmt"/>
        <line num="348" count="0" type="stmt"/>
        <line num="349" count="0" type="stmt"/>
        <line num="350" count="2" type="stmt"/>
        <line num="351" count="2" type="stmt"/>
        <line num="352" count="2" type="stmt"/>
        <line num="353" count="2" type="stmt"/>
        <line num="354" count="0" type="stmt"/>
        <line num="355" count="0" type="stmt"/>
        <line num="356" count="0" type="stmt"/>
        <line num="357" count="0" type="stmt"/>
        <line num="358" count="0" type="stmt"/>
        <line num="359" count="0" type="stmt"/>
        <line num="360" count="0" type="stmt"/>
        <line num="361" count="0" type="stmt"/>
        <line num="362" count="0" type="stmt"/>
        <line num="363" count="0" type="stmt"/>
        <line num="364" count="0" type="stmt"/>
        <line num="365" count="0" type="stmt"/>
        <line num="366" count="0" type="stmt"/>
        <line num="367" count="2" type="stmt"/>
        <line num="368" count="2" type="stmt"/>
        <line num="369" count="2" type="stmt"/>
        <line num="370" count="2" type="stmt"/>
        <line num="371" count="1" type="stmt"/>
        <line num="372" count="1" type="stmt"/>
      </file>
    </package>
    <package name="orca_whale_db.src.components.App">
      <metrics statements="43" coveredstatements="0" conditionals="1" coveredconditionals="0" methods="1" coveredmethods="0"/>
      <file name="App.jsx" path="/Users/khamsang/Desktop/winter24/csci342/project/csci342-orca_whale_database/orca_whale_db/src/components/App/App.jsx">
        <metrics statements="43" coveredstatements="0" conditionals="1" coveredconditionals="0" methods="1" coveredmethods="0"/>
        <line num="1" count="0" type="cond" truecount="0" falsecount="1"/>
        <line num="2" count="0" type="stmt"/>
        <line num="3" count="0" type="stmt"/>
        <line num="4" count="0" type="stmt"/>
        <line num="5" count="0" type="stmt"/>
        <line num="6" count="0" type="stmt"/>
        <line num="7" count="0" type="stmt"/>
        <line num="8" count="0" type="stmt"/>
        <line num="9" count="0" type="stmt"/>
        <line num="10" count="0" type="stmt"/>
        <line num="11" count="0" type="stmt"/>
        <line num="12" count="0" type="stmt"/>
        <line num="13" count="0" type="stmt"/>
        <line num="14" count="0" type="stmt"/>
        <line num="15" count="0" type="stmt"/>
        <line num="16" count="0" type="stmt"/>
        <line num="17" count="0" type="stmt"/>
        <line num="18" count="0" type="stmt"/>
        <line num="19" count="0" type="stmt"/>
        <line num="20" count="0" type="stmt"/>
        <line num="21" count="0" type="stmt"/>
        <line num="22" count="0" type="stmt"/>
        <line num="23" count="0" type="stmt"/>
        <line num="24" count="0" type="stmt"/>
        <line num="25" count="0" type="stmt"/>
        <line num="26" count="0" type="stmt"/>
        <line num="27" count="0" type="stmt"/>
        <line num="28" count="0" type="stmt"/>
        <line num="29" count="0" type="stmt"/>
        <line num="30" count="0" type="stmt"/>
        <line num="31" count="0" type="stmt"/>
        <line num="32" count="0" type="stmt"/>
        <line num="33" count="0" type="stmt"/>
        <line num="34" count="0" type="stmt"/>
        <line num="35" count="0" type="stmt"/>
        <line num="36" count="0" type="stmt"/>
        <line num="37" count="0" type="stmt"/>
        <line num="38" count="0" type="stmt"/>
        <line num="39" count="0" type="stmt"/>
        <line num="40" count="0" type="stmt"/>
        <line num="41" count="0" type="stmt"/>
        <line num="42" count="0" type="stmt"/>
        <line num="43" count="0" type="stmt"/>
      </file>
    </package>
    <package name="orca_whale_db.src.components.CreateDiscussion">
      <metrics statements="171" coveredstatements="102" conditionals="3" coveredconditionals="3" methods="4" coveredmethods="2"/>
      <file name="CreateDiscussion.jsx" path="/Users/khamsang/Desktop/winter24/csci342/project/csci342-orca_whale_database/orca_whale_db/src/components/CreateDiscussion/CreateDiscussion.jsx">
        <metrics statements="171" coveredstatements="102" conditionals="3" coveredconditionals="3" methods="4" coveredmethods="2"/>
        <line num="1" count="1" type="stmt"/>
        <line num="2" count="1" type="stmt"/>
        <line num="3" count="1" type="stmt"/>
        <line num="4" count="1" type="stmt"/>
        <line num="5" count="1" type="stmt"/>
        <line num="6" count="1" type="stmt"/>
        <line num="7" count="8" type="cond" truecount="1" falsecount="0"/>
        <line num="8" count="8" type="stmt"/>
        <line num="9" count="8" type="stmt"/>
        <line num="10" count="8" type="stmt"/>
        <line num="11" count="8" type="stmt"/>
        <line num="12" count="8" type="stmt"/>
        <line num="13" count="8" type="stmt"/>
        <line num="14" count="8" type="stmt"/>
        <line num="15" count="8" type="stmt"/>
        <line num="16" count="8" type="stmt"/>
        <line num="17" count="8" type="cond" truecount="1" falsecount="0"/>
        <line num="18" count="8" type="stmt"/>
        <line num="19" count="8" type="stmt"/>
        <line num="20" count="0" type="stmt"/>
        <line num="21" count="0" type="stmt"/>
        <line num="22" count="0" type="stmt"/>
        <line num="23" count="0" type="stmt"/>
        <line num="24" count="0" type="stmt"/>
        <line num="25" count="0" type="stmt"/>
        <line num="26" count="0" type="stmt"/>
        <line num="27" count="0" type="stmt"/>
        <line num="28" count="8" type="stmt"/>
        <line num="29" count="8" type="stmt"/>
        <line num="30" count="0" type="stmt"/>
        <line num="31" count="0" type="stmt"/>
        <line num="32" count="0" type="stmt"/>
        <line num="33" count="0" type="stmt"/>
        <line num="34" count="0" type="stmt"/>
        <line num="35" count="0" type="stmt"/>
        <line num="36" count="0" type="stmt"/>
        <line num="37" count="0" type="stmt"/>
        <line num="38" count="0" type="stmt"/>
        <line num="39" count="0" type="stmt"/>
        <line num="40" count="0" type="stmt"/>
        <line num="41" count="0" type="stmt"/>
        <line num="42" count="0" type="stmt"/>
        <line num="43" count="0" type="stmt"/>
        <line num="44" count="0" type="stmt"/>
        <line num="45" count="0" type="stmt"/>
        <line num="46" count="0" type="stmt"/>
        <line num="47" count="0" type="stmt"/>
        <line num="48" count="0" type="stmt"/>
        <line num="49" count="0" type="stmt"/>
        <line num="50" count="0" type="stmt"/>
        <line num="51" count="0" type="stmt"/>
        <line num="52" count="0" type="stmt"/>
        <line num="53" count="0" type="stmt"/>
        <line num="54" count="0" type="stmt"/>
        <line num="55" count="0" type="stmt"/>
        <line num="56" count="0" type="stmt"/>
        <line num="57" count="0" type="stmt"/>
        <line num="58" count="0" type="stmt"/>
        <line num="59" count="0" type="stmt"/>
        <line num="60" count="0" type="stmt"/>
        <line num="61" count="0" type="stmt"/>
        <line num="62" count="0" type="stmt"/>
        <line num="63" count="0" type="stmt"/>
        <line num="64" count="0" type="stmt"/>
        <line num="65" count="0" type="stmt"/>
        <line num="66" count="0" type="stmt"/>
        <line num="67" count="0" type="stmt"/>
        <line num="68" count="0" type="stmt"/>
        <line num="69" count="0" type="stmt"/>
        <line num="70" count="0" type="stmt"/>
        <line num="71" count="0" type="stmt"/>
        <line num="72" count="0" type="stmt"/>
        <line num="73" count="0" type="stmt"/>
        <line num="74" count="0" type="stmt"/>
        <line num="75" count="0" type="stmt"/>
        <line num="76" count="0" type="stmt"/>
        <line num="77" count="0" type="stmt"/>
        <line num="78" count="0" type="stmt"/>
        <line num="79" count="0" type="stmt"/>
        <line num="80" count="0" type="stmt"/>
        <line num="81" count="0" type="stmt"/>
        <line num="82" count="0" type="stmt"/>
        <line num="83" count="0" type="stmt"/>
        <line num="84" count="0" type="stmt"/>
        <line num="85" count="0" type="stmt"/>
        <line num="86" count="0" type="stmt"/>
        <line num="87" count="0" type="stmt"/>
        <line num="88" count="0" type="stmt"/>
        <line num="89" count="0" type="stmt"/>
        <line num="90" count="0" type="stmt"/>
        <line num="91" count="8" type="stmt"/>
        <line num="92" count="8" type="cond" truecount="1" falsecount="0"/>
        <line num="93" count="1" type="stmt"/>
        <line num="94" count="1" type="stmt"/>
        <line num="95" count="1" type="stmt"/>
        <line num="96" count="1" type="stmt"/>
        <line num="97" count="1" type="stmt"/>
        <line num="98" count="1" type="stmt"/>
        <line num="99" count="1" type="stmt"/>
        <line num="100" count="1" type="stmt"/>
        <line num="101" count="1" type="stmt"/>
        <line num="102" count="8" type="stmt"/>
        <line num="103" count="8" type="stmt"/>
        <line num="104" count="8" type="stmt"/>
        <line num="105" count="8" type="stmt"/>
        <line num="106" count="8" type="stmt"/>
        <line num="107" count="8" type="stmt"/>
        <line num="108" count="8" type="stmt"/>
        <line num="109" count="8" type="stmt"/>
        <line num="110" count="8" type="stmt"/>
        <line num="111" count="8" type="stmt"/>
        <line num="112" count="8" type="stmt"/>
        <line num="113" count="8" type="stmt"/>
        <line num="114" count="8" type="stmt"/>
        <line num="115" count="8" type="stmt"/>
        <line num="116" count="8" type="stmt"/>
        <line num="117" count="8" type="stmt"/>
        <line num="118" count="8" type="stmt"/>
        <line num="119" count="8" type="stmt"/>
        <line num="120" count="8" type="stmt"/>
        <line num="121" count="8" type="stmt"/>
        <line num="122" count="8" type="stmt"/>
        <line num="123" count="8" type="stmt"/>
        <line num="124" count="8" type="stmt"/>
        <line num="125" count="8" type="stmt"/>
        <line num="126" count="8" type="stmt"/>
        <line num="127" count="8" type="stmt"/>
        <line num="128" count="8" type="stmt"/>
        <line num="129" count="8" type="stmt"/>
        <line num="130" count="8" type="stmt"/>
        <line num="131" count="8" type="stmt"/>
        <line num="132" count="8" type="stmt"/>
        <line num="133" count="8" type="stmt"/>
        <line num="134" count="8" type="stmt"/>
        <line num="135" count="8" type="stmt"/>
        <line num="136" count="8" type="stmt"/>
        <line num="137" count="8" type="stmt"/>
        <line num="138" count="8" type="stmt"/>
        <line num="139" count="8" type="stmt"/>
        <line num="140" count="8" type="stmt"/>
        <line num="141" count="8" type="stmt"/>
        <line num="142" count="8" type="stmt"/>
        <line num="143" count="8" type="stmt"/>
        <line num="144" count="8" type="stmt"/>
        <line num="145" count="8" type="stmt"/>
        <line num="146" count="8" type="stmt"/>
        <line num="147" count="8" type="stmt"/>
        <line num="148" count="8" type="stmt"/>
        <line num="149" count="8" type="stmt"/>
        <line num="150" count="8" type="stmt"/>
        <line num="151" count="8" type="stmt"/>
        <line num="152" count="8" type="stmt"/>
        <line num="153" count="8" type="stmt"/>
        <line num="154" count="8" type="stmt"/>
        <line num="155" count="8" type="stmt"/>
        <line num="156" count="8" type="stmt"/>
        <line num="157" count="8" type="stmt"/>
        <line num="158" count="8" type="stmt"/>
        <line num="159" count="8" type="stmt"/>
        <line num="160" count="8" type="stmt"/>
        <line num="161" count="8" type="stmt"/>
        <line num="162" count="8" type="stmt"/>
        <line num="163" count="8" type="stmt"/>
        <line num="164" count="8" type="stmt"/>
        <line num="165" count="8" type="stmt"/>
        <line num="166" count="8" type="stmt"/>
        <line num="167" count="8" type="stmt"/>
        <line num="168" count="8" type="stmt"/>
        <line num="169" count="8" type="stmt"/>
        <line num="170" count="1" type="stmt"/>
        <line num="171" count="1" type="stmt"/>
      </file>
    </package>
    <package name="orca_whale_db.src.components.DiscussionPost">
      <metrics statements="332" coveredstatements="11" conditionals="0" coveredconditionals="0" methods="1" coveredmethods="0"/>
      <file name="DiscussionPost.jsx" path="/Users/khamsang/Desktop/winter24/csci342/project/csci342-orca_whale_database/orca_whale_db/src/components/DiscussionPost/DiscussionPost.jsx">
        <metrics statements="332" coveredstatements="11" conditionals="0" coveredconditionals="0" methods="1" coveredmethods="0"/>
        <line num="1" count="1" type="stmt"/>
        <line num="2" count="1" type="stmt"/>
        <line num="3" count="1" type="stmt"/>
        <line num="4" count="1" type="stmt"/>
        <line num="5" count="1" type="stmt"/>
        <line num="6" count="1" type="stmt"/>
        <line num="7" count="1" type="stmt"/>
        <line num="8" count="1" type="stmt"/>
        <line num="9" count="1" type="stmt"/>
        <line num="10" count="0" type="stmt"/>
        <line num="11" count="0" type="stmt"/>
        <line num="12" count="0" type="stmt"/>
        <line num="13" count="0" type="stmt"/>
        <line num="14" count="0" type="stmt"/>
        <line num="15" count="0" type="stmt"/>
        <line num="16" count="0" type="stmt"/>
        <line num="17" count="0" type="stmt"/>
        <line num="18" count="0" type="stmt"/>
        <line num="19" count="0" type="stmt"/>
        <line num="20" count="0" type="stmt"/>
        <line num="21" count="0" type="stmt"/>
        <line num="22" count="0" type="stmt"/>
        <line num="23" count="0" type="stmt"/>
        <line num="24" count="0" type="stmt"/>
        <line num="25" count="0" type="stmt"/>
        <line num="26" count="0" type="stmt"/>
        <line num="27" count="0" type="stmt"/>
        <line num="28" count="0" type="stmt"/>
        <line num="29" count="0" type="stmt"/>
        <line num="30" count="0" type="stmt"/>
        <line num="31" count="0" type="stmt"/>
        <line num="32" count="0" type="stmt"/>
        <line num="33" count="0" type="stmt"/>
        <line num="34" count="0" type="stmt"/>
        <line num="35" count="0" type="stmt"/>
        <line num="36" count="0" type="stmt"/>
        <line num="37" count="0" type="stmt"/>
        <line num="38" count="0" type="stmt"/>
        <line num="39" count="0" type="stmt"/>
        <line num="40" count="0" type="stmt"/>
        <line num="41" count="0" type="stmt"/>
        <line num="42" count="0" type="stmt"/>
        <line num="43" count="0" type="stmt"/>
        <line num="44" count="0" type="stmt"/>
        <line num="45" count="0" type="stmt"/>
        <line num="46" count="0" type="stmt"/>
        <line num="47" count="0" type="stmt"/>
        <line num="48" count="0" type="stmt"/>
        <line num="49" count="0" type="stmt"/>
        <line num="50" count="0" type="stmt"/>
        <line num="51" count="0" type="stmt"/>
        <line num="52" count="0" type="stmt"/>
        <line num="53" count="0" type="stmt"/>
        <line num="54" count="0" type="stmt"/>
        <line num="55" count="0" type="stmt"/>
        <line num="56" count="0" type="stmt"/>
        <line num="57" count="0" type="stmt"/>
        <line num="58" count="0" type="stmt"/>
        <line num="59" count="0" type="stmt"/>
        <line num="60" count="0" type="stmt"/>
        <line num="61" count="0" type="stmt"/>
        <line num="62" count="0" type="stmt"/>
        <line num="63" count="0" type="stmt"/>
        <line num="64" count="0" type="stmt"/>
        <line num="65" count="0" type="stmt"/>
        <line num="66" count="0" type="stmt"/>
        <line num="67" count="0" type="stmt"/>
        <line num="68" count="0" type="stmt"/>
        <line num="69" count="0" type="stmt"/>
        <line num="70" count="0" type="stmt"/>
        <line num="71" count="0" type="stmt"/>
        <line num="72" count="0" type="stmt"/>
        <line num="73" count="0" type="stmt"/>
        <line num="74" count="0" type="stmt"/>
        <line num="75" count="0" type="stmt"/>
        <line num="76" count="0" type="stmt"/>
        <line num="77" count="0" type="stmt"/>
        <line num="78" count="0" type="stmt"/>
        <line num="79" count="0" type="stmt"/>
        <line num="80" count="0" type="stmt"/>
        <line num="81" count="0" type="stmt"/>
        <line num="82" count="0" type="stmt"/>
        <line num="83" count="0" type="stmt"/>
        <line num="84" count="0" type="stmt"/>
        <line num="85" count="0" type="stmt"/>
        <line num="86" count="0" type="stmt"/>
        <line num="87" count="0" type="stmt"/>
        <line num="88" count="0" type="stmt"/>
        <line num="89" count="0" type="stmt"/>
        <line num="90" count="0" type="stmt"/>
        <line num="91" count="0" type="stmt"/>
        <line num="92" count="0" type="stmt"/>
        <line num="93" count="0" type="stmt"/>
        <line num="94" count="0" type="stmt"/>
        <line num="95" count="0" type="stmt"/>
        <line num="96" count="0" type="stmt"/>
        <line num="97" count="0" type="stmt"/>
        <line num="98" count="0" type="stmt"/>
        <line num="99" count="0" type="stmt"/>
        <line num="100" count="0" type="stmt"/>
        <line num="101" count="0" type="stmt"/>
        <line num="102" count="0" type="stmt"/>
        <line num="103" count="0" type="stmt"/>
        <line num="104" count="0" type="stmt"/>
        <line num="105" count="0" type="stmt"/>
        <line num="106" count="0" type="stmt"/>
        <line num="107" count="0" type="stmt"/>
        <line num="108" count="0" type="stmt"/>
        <line num="109" count="0" type="stmt"/>
        <line num="110" count="0" type="stmt"/>
        <line num="111" count="0" type="stmt"/>
        <line num="112" count="0" type="stmt"/>
        <line num="113" count="0" type="stmt"/>
        <line num="114" count="0" type="stmt"/>
        <line num="115" count="0" type="stmt"/>
        <line num="116" count="0" type="stmt"/>
        <line num="117" count="0" type="stmt"/>
        <line num="118" count="0" type="stmt"/>
        <line num="119" count="0" type="stmt"/>
        <line num="120" count="0" type="stmt"/>
        <line num="121" count="0" type="stmt"/>
        <line num="122" count="0" type="stmt"/>
        <line num="123" count="0" type="stmt"/>
        <line num="124" count="0" type="stmt"/>
        <line num="125" count="0" type="stmt"/>
        <line num="126" count="0" type="stmt"/>
        <line num="127" count="0" type="stmt"/>
        <line num="128" count="0" type="stmt"/>
        <line num="129" count="0" type="stmt"/>
        <line num="130" count="0" type="stmt"/>
        <line num="131" count="0" type="stmt"/>
        <line num="132" count="0" type="stmt"/>
        <line num="133" count="0" type="stmt"/>
        <line num="134" count="0" type="stmt"/>
        <line num="135" count="0" type="stmt"/>
        <line num="136" count="0" type="stmt"/>
        <line num="137" count="0" type="stmt"/>
        <line num="138" count="0" type="stmt"/>
        <line num="139" count="0" type="stmt"/>
        <line num="140" count="0" type="stmt"/>
        <line num="141" count="0" type="stmt"/>
        <line num="142" count="0" type="stmt"/>
        <line num="143" count="0" type="stmt"/>
        <line num="144" count="0" type="stmt"/>
        <line num="145" count="0" type="stmt"/>
        <line num="146" count="0" type="stmt"/>
        <line num="147" count="0" type="stmt"/>
        <line num="148" count="0" type="stmt"/>
        <line num="149" count="0" type="stmt"/>
        <line num="150" count="0" type="stmt"/>
        <line num="151" count="0" type="stmt"/>
        <line num="152" count="0" type="stmt"/>
        <line num="153" count="0" type="stmt"/>
        <line num="154" count="0" type="stmt"/>
        <line num="155" count="0" type="stmt"/>
        <line num="156" count="0" type="stmt"/>
        <line num="157" count="0" type="stmt"/>
        <line num="158" count="0" type="stmt"/>
        <line num="159" count="0" type="stmt"/>
        <line num="160" count="0" type="stmt"/>
        <line num="161" count="0" type="stmt"/>
        <line num="162" count="0" type="stmt"/>
        <line num="163" count="0" type="stmt"/>
        <line num="164" count="0" type="stmt"/>
        <line num="165" count="0" type="stmt"/>
        <line num="166" count="0" type="stmt"/>
        <line num="167" count="0" type="stmt"/>
        <line num="168" count="0" type="stmt"/>
        <line num="169" count="0" type="stmt"/>
        <line num="170" count="0" type="stmt"/>
        <line num="171" count="0" type="stmt"/>
        <line num="172" count="0" type="stmt"/>
        <line num="173" count="0" type="stmt"/>
        <line num="174" count="0" type="stmt"/>
        <line num="175" count="0" type="stmt"/>
        <line num="176" count="0" type="stmt"/>
        <line num="177" count="0" type="stmt"/>
        <line num="178" count="0" type="stmt"/>
        <line num="179" count="0" type="stmt"/>
        <line num="180" count="0" type="stmt"/>
        <line num="181" count="0" type="stmt"/>
        <line num="182" count="0" type="stmt"/>
        <line num="183" count="0" type="stmt"/>
        <line num="184" count="0" type="stmt"/>
        <line num="185" count="0" type="stmt"/>
        <line num="186" count="0" type="stmt"/>
        <line num="187" count="0" type="stmt"/>
        <line num="188" count="0" type="stmt"/>
        <line num="189" count="0" type="stmt"/>
        <line num="190" count="0" type="stmt"/>
        <line num="191" count="0" type="stmt"/>
        <line num="192" count="0" type="stmt"/>
        <line num="193" count="0" type="stmt"/>
        <line num="194" count="0" type="stmt"/>
        <line num="195" count="0" type="stmt"/>
        <line num="196" count="0" type="stmt"/>
        <line num="197" count="0" type="stmt"/>
        <line num="198" count="0" type="stmt"/>
        <line num="199" count="0" type="stmt"/>
        <line num="200" count="0" type="stmt"/>
        <line num="201" count="0" type="stmt"/>
        <line num="202" count="0" type="stmt"/>
        <line num="203" count="0" type="stmt"/>
        <line num="204" count="0" type="stmt"/>
        <line num="205" count="0" type="stmt"/>
        <line num="206" count="0" type="stmt"/>
        <line num="207" count="0" type="stmt"/>
        <line num="208" count="0" type="stmt"/>
        <line num="209" count="0" type="stmt"/>
        <line num="210" count="0" type="stmt"/>
        <line num="211" count="0" type="stmt"/>
        <line num="212" count="0" type="stmt"/>
        <line num="213" count="0" type="stmt"/>
        <line num="214" count="0" type="stmt"/>
        <line num="215" count="0" type="stmt"/>
        <line num="216" count="0" type="stmt"/>
        <line num="217" count="0" type="stmt"/>
        <line num="218" count="0" type="stmt"/>
        <line num="219" count="0" type="stmt"/>
        <line num="220" count="0" type="stmt"/>
        <line num="221" count="0" type="stmt"/>
        <line num="222" count="0" type="stmt"/>
        <line num="223" count="0" type="stmt"/>
        <line num="224" count="0" type="stmt"/>
        <line num="225" count="0" type="stmt"/>
        <line num="226" count="0" type="stmt"/>
        <line num="227" count="0" type="stmt"/>
        <line num="228" count="0" type="stmt"/>
        <line num="229" count="0" type="stmt"/>
        <line num="230" count="0" type="stmt"/>
        <line num="231" count="0" type="stmt"/>
        <line num="232" count="0" type="stmt"/>
        <line num="233" count="0" type="stmt"/>
        <line num="234" count="0" type="stmt"/>
        <line num="235" count="0" type="stmt"/>
        <line num="236" count="0" type="stmt"/>
        <line num="237" count="0" type="stmt"/>
        <line num="238" count="0" type="stmt"/>
        <line num="239" count="0" type="stmt"/>
        <line num="240" count="0" type="stmt"/>
        <line num="241" count="0" type="stmt"/>
        <line num="242" count="0" type="stmt"/>
        <line num="243" count="0" type="stmt"/>
        <line num="244" count="0" type="stmt"/>
        <line num="245" count="0" type="stmt"/>
        <line num="246" count="0" type="stmt"/>
        <line num="247" count="0" type="stmt"/>
        <line num="248" count="0" type="stmt"/>
        <line num="249" count="0" type="stmt"/>
        <line num="250" count="0" type="stmt"/>
        <line num="251" count="0" type="stmt"/>
        <line num="252" count="0" type="stmt"/>
        <line num="253" count="0" type="stmt"/>
        <line num="254" count="0" type="stmt"/>
        <line num="255" count="0" type="stmt"/>
        <line num="256" count="0" type="stmt"/>
        <line num="257" count="0" type="stmt"/>
        <line num="258" count="0" type="stmt"/>
        <line num="259" count="0" type="stmt"/>
        <line num="260" count="0" type="stmt"/>
        <line num="261" count="0" type="stmt"/>
        <line num="262" count="0" type="stmt"/>
        <line num="263" count="0" type="stmt"/>
        <line num="264" count="0" type="stmt"/>
        <line num="265" count="0" type="stmt"/>
        <line num="266" count="0" type="stmt"/>
        <line num="267" count="0" type="stmt"/>
        <line num="268" count="0" type="stmt"/>
        <line num="269" count="0" type="stmt"/>
        <line num="270" count="0" type="stmt"/>
        <line num="271" count="0" type="stmt"/>
        <line num="272" count="0" type="stmt"/>
        <line num="273" count="0" type="stmt"/>
        <line num="274" count="0" type="stmt"/>
        <line num="275" count="0" type="stmt"/>
        <line num="276" count="0" type="stmt"/>
        <line num="277" count="0" type="stmt"/>
        <line num="278" count="0" type="stmt"/>
        <line num="279" count="0" type="stmt"/>
        <line num="280" count="0" type="stmt"/>
        <line num="281" count="0" type="stmt"/>
        <line num="282" count="0" type="stmt"/>
        <line num="283" count="0" type="stmt"/>
        <line num="284" count="0" type="stmt"/>
        <line num="285" count="0" type="stmt"/>
        <line num="286" count="0" type="stmt"/>
        <line num="287" count="0" type="stmt"/>
        <line num="288" count="0" type="stmt"/>
        <line num="289" count="0" type="stmt"/>
        <line num="290" count="0" type="stmt"/>
        <line num="291" count="0" type="stmt"/>
        <line num="292" count="0" type="stmt"/>
        <line num="293" count="0" type="stmt"/>
        <line num="294" count="0" type="stmt"/>
        <line num="295" count="0" type="stmt"/>
        <line num="296" count="0" type="stmt"/>
        <line num="297" count="0" type="stmt"/>
        <line num="298" count="0" type="stmt"/>
        <line num="299" count="0" type="stmt"/>
        <line num="300" count="0" type="stmt"/>
        <line num="301" count="0" type="stmt"/>
        <line num="302" count="0" type="stmt"/>
        <line num="303" count="0" type="stmt"/>
        <line num="304" count="0" type="stmt"/>
        <line num="305" count="0" type="stmt"/>
        <line num="306" count="0" type="stmt"/>
        <line num="307" count="0" type="stmt"/>
        <line num="308" count="0" type="stmt"/>
        <line num="309" count="0" type="stmt"/>
        <line num="310" count="0" type="stmt"/>
        <line num="311" count="0" type="stmt"/>
        <line num="312" count="0" type="stmt"/>
        <line num="313" count="0" type="stmt"/>
        <line num="314" count="0" type="stmt"/>
        <line num="315" count="0" type="stmt"/>
        <line num="316" count="0" type="stmt"/>
        <line num="317" count="0" type="stmt"/>
        <line num="318" count="0" type="stmt"/>
        <line num="319" count="0" type="stmt"/>
        <line num="320" count="0" type="stmt"/>
        <line num="321" count="0" type="stmt"/>
        <line num="322" count="0" type="stmt"/>
        <line num="323" count="0" type="stmt"/>
        <line num="324" count="0" type="stmt"/>
        <line num="325" count="0" type="stmt"/>
        <line num="326" count="0" type="stmt"/>
        <line num="327" count="0" type="stmt"/>
        <line num="328" count="0" type="stmt"/>
        <line num="329" count="0" type="stmt"/>
        <line num="330" count="0" type="stmt"/>
        <line num="331" count="1" type="stmt"/>
        <line num="332" count="1" type="stmt"/>
      </file>
    </package>
    <package name="orca_whale_db.src.components.Forms">
      <metrics statements="294" coveredstatements="203" conditionals="8" coveredconditionals="6" methods="6" coveredmethods="3"/>
      <file name="ForgetPassword.jsx" path="/Users/khamsang/Desktop/winter24/csci342/project/csci342-orca_whale_database/orca_whale_db/src/components/Forms/ForgetPassword.jsx">
        <metrics statements="59" coveredstatements="46" conditionals="2" coveredconditionals="2" methods="2" coveredmethods="1"/>
        <line num="1" count="1" type="stmt"/>
        <line num="2" count="1" type="stmt"/>
        <line num="3" count="1" type="stmt"/>
        <line num="4" count="1" type="stmt"/>
        <line num="5" count="1" type="stmt"/>
        <line num="6" count="1" type="stmt"/>
        <line num="7" count="1" type="stmt"/>
        <line num="8" count="1" type="stmt"/>
        <line num="9" count="1" type="stmt"/>
        <line num="10" count="1" type="stmt"/>
        <line num="11" count="1" type="stmt"/>
        <line num="12" count="1" type="stmt"/>
        <line num="13" count="1" type="stmt"/>
        <line num="14" count="1" type="stmt"/>
        <line num="15" count="1" type="stmt"/>
        <line num="16" count="1" type="stmt"/>
        <line num="17" count="2" type="cond" truecount="1" falsecount="0"/>
        <line num="18" count="2" type="stmt"/>
        <line num="19" count="2" type="stmt"/>
        <line num="20" count="2" type="stmt"/>
        <line num="21" count="2" type="stmt"/>
        <line num="22" count="2" type="stmt"/>
        <line num="23" count="2" type="stmt"/>
        <line num="24" count="2" type="stmt"/>
        <line num="25" count="0" type="stmt"/>
        <line num="26" count="0" type="stmt"/>
        <line num="27" count="0" type="stmt"/>
        <line num="28" count="0" type="stmt"/>
        <line num="29" count="0" type="stmt"/>
        <line num="30" count="0" type="stmt"/>
        <line num="31" count="0" type="stmt"/>
        <line num="32" count="0" type="stmt"/>
        <line num="33" count="0" type="stmt"/>
        <line num="34" count="0" type="stmt"/>
        <line num="35" count="2" type="cond" truecount="1" falsecount="0"/>
        <line num="36" count="2" type="stmt"/>
        <line num="37" count="2" type="stmt"/>
        <line num="38" count="0" type="stmt"/>
        <line num="39" count="0" type="stmt"/>
        <line num="40" count="0" type="stmt"/>
        <line num="41" count="2" type="stmt"/>
        <line num="42" count="2" type="stmt"/>
        <line num="43" count="2" type="stmt"/>
        <line num="44" count="2" type="stmt"/>
        <line num="45" count="2" type="stmt"/>
        <line num="46" count="2" type="stmt"/>
        <line num="47" count="2" type="stmt"/>
        <line num="48" count="2" type="stmt"/>
        <line num="49" count="2" type="stmt"/>
        <line num="50" count="2" type="stmt"/>
        <line num="51" count="2" type="stmt"/>
        <line num="52" count="2" type="stmt"/>
        <line num="53" count="2" type="stmt"/>
        <line num="54" count="2" type="stmt"/>
        <line num="55" count="2" type="stmt"/>
        <line num="56" count="2" type="stmt"/>
        <line num="57" count="2" type="stmt"/>
        <line num="58" count="1" type="stmt"/>
        <line num="59" count="1" type="stmt"/>
      </file>
      <file name="Login.jsx" path="/Users/khamsang/Desktop/winter24/csci342/project/csci342-orca_whale_database/orca_whale_db/src/components/Forms/Login.jsx">
        <metrics statements="98" coveredstatements="59" conditionals="3" coveredconditionals="2" methods="2" coveredmethods="1"/>
        <line num="1" count="1" type="stmt"/>
        <line num="2" count="1" type="stmt"/>
        <line num="3" count="1" type="stmt"/>
        <line num="4" count="1" type="stmt"/>
        <line num="5" count="1" type="stmt"/>
        <line num="6" count="1" type="stmt"/>
        <line num="7" count="1" type="stmt"/>
        <line num="8" count="1" type="stmt"/>
        <line num="9" count="1" type="stmt"/>
        <line num="10" count="1" type="stmt"/>
        <line num="11" count="1" type="stmt"/>
        <line num="12" count="1" type="stmt"/>
        <line num="13" count="1" type="stmt"/>
        <line num="14" count="1" type="stmt"/>
        <line num="15" count="1" type="stmt"/>
        <line num="16" count="1" type="stmt"/>
        <line num="17" count="1" type="stmt"/>
        <line num="18" count="1" type="stmt"/>
        <line num="19" count="2" type="cond" truecount="1" falsecount="0"/>
        <line num="20" count="2" type="stmt"/>
        <line num="21" count="2" type="stmt"/>
        <line num="22" count="2" type="stmt"/>
        <line num="23" count="2" type="stmt"/>
        <line num="24" count="2" type="stmt"/>
        <line num="25" count="2" type="stmt"/>
        <line num="26" count="2" type="stmt"/>
        <line num="27" count="2" type="stmt"/>
        <line num="28" count="0" type="stmt"/>
        <line num="29" count="0" type="stmt"/>
        <line num="30" count="0" type="stmt"/>
        <line num="31" count="0" type="stmt"/>
        <line num="32" count="0" type="stmt"/>
        <line num="33" count="0" type="stmt"/>
        <line num="34" count="0" type="stmt"/>
        <line num="35" count="0" type="stmt"/>
        <line num="36" count="0" type="stmt"/>
        <line num="37" count="0" type="stmt"/>
        <line num="38" count="0" type="stmt"/>
        <line num="39" count="0" type="stmt"/>
        <line num="40" count="0" type="stmt"/>
        <line num="41" count="0" type="stmt"/>
        <line num="42" count="0" type="stmt"/>
        <line num="43" count="0" type="stmt"/>
        <line num="44" count="0" type="stmt"/>
        <line num="45" count="0" type="stmt"/>
        <line num="46" count="0" type="stmt"/>
        <line num="47" count="0" type="stmt"/>
        <line num="48" count="0" type="stmt"/>
        <line num="49" count="0" type="stmt"/>
        <line num="50" count="0" type="stmt"/>
        <line num="51" count="0" type="stmt"/>
        <line num="52" count="0" type="stmt"/>
        <line num="53" count="0" type="stmt"/>
        <line num="54" count="0" type="stmt"/>
        <line num="55" count="0" type="stmt"/>
        <line num="56" count="0" type="stmt"/>
        <line num="57" count="0" type="stmt"/>
        <line num="58" count="0" type="stmt"/>
        <line num="59" count="0" type="stmt"/>
        <line num="60" count="0" type="stmt"/>
        <line num="61" count="2" type="stmt"/>
        <line num="62" count="2" type="cond" truecount="1" falsecount="0"/>
        <line num="63" count="2" type="stmt"/>
        <line num="64" count="2" type="stmt"/>
        <line num="65" count="0" type="stmt"/>
        <line num="66" count="0" type="stmt"/>
        <line num="67" count="0" type="stmt"/>
        <line num="68" count="2" type="stmt"/>
        <line num="69" count="2" type="stmt"/>
        <line num="70" count="2" type="stmt"/>
        <line num="71" count="2" type="stmt"/>
        <line num="72" count="2" type="stmt"/>
        <line num="73" count="2" type="stmt"/>
        <line num="74" count="2" type="stmt"/>
        <line num="75" count="2" type="stmt"/>
        <line num="76" count="2" type="stmt"/>
        <line num="77" count="2" type="stmt"/>
        <line num="78" count="2" type="stmt"/>
        <line num="79" count="2" type="stmt"/>
        <line num="80" count="2" type="stmt"/>
        <line num="81" count="2" type="stmt"/>
        <line num="82" count="2" type="cond" truecount="0" falsecount="1"/>
        <line num="83" count="0" type="stmt"/>
        <line num="84" count="0" type="stmt"/>
        <line num="85" count="0" type="stmt"/>
        <line num="86" count="2" type="stmt"/>
        <line num="87" count="2" type="stmt"/>
        <line num="88" count="2" type="stmt"/>
        <line num="89" count="2" type="stmt"/>
        <line num="90" count="2" type="stmt"/>
        <line num="91" count="2" type="stmt"/>
        <line num="92" count="2" type="stmt"/>
        <line num="93" count="2" type="stmt"/>
        <line num="94" count="2" type="stmt"/>
        <line num="95" count="2" type="stmt"/>
        <line num="96" count="2" type="stmt"/>
        <line num="97" count="2" type="stmt"/>
        <line num="98" count="1" type="stmt"/>
      </file>
      <file name="Signup.jsx" path="/Users/khamsang/Desktop/winter24/csci342/project/csci342-orca_whale_database/orca_whale_db/src/components/Forms/Signup.jsx">
        <metrics statements="137" coveredstatements="98" conditionals="3" coveredconditionals="2" methods="2" coveredmethods="1"/>
        <line num="1" count="1" type="stmt"/>
        <line num="2" count="1" type="stmt"/>
        <line num="3" count="1" type="stmt"/>
        <line num="4" count="1" type="stmt"/>
        <line num="5" count="1" type="stmt"/>
        <line num="6" count="1" type="stmt"/>
        <line num="7" count="1" type="stmt"/>
        <line num="8" count="1" type="stmt"/>
        <line num="9" count="1" type="stmt"/>
        <line num="10" count="1" type="stmt"/>
        <line num="11" count="1" type="stmt"/>
        <line num="12" count="1" type="stmt"/>
        <line num="13" count="1" type="stmt"/>
        <line num="14" count="1" type="stmt"/>
        <line num="15" count="1" type="stmt"/>
        <line num="16" count="1" type="stmt"/>
        <line num="17" count="1" type="stmt"/>
        <line num="18" count="1" type="stmt"/>
        <line num="19" count="1" type="stmt"/>
        <line num="20" count="1" type="stmt"/>
        <line num="21" count="1" type="stmt"/>
        <line num="22" count="1" type="stmt"/>
        <line num="23" count="2" type="cond" truecount="1" falsecount="0"/>
        <line num="24" count="2" type="stmt"/>
        <line num="25" count="2" type="stmt"/>
        <line num="26" count="2" type="stmt"/>
        <line num="27" count="2" type="stmt"/>
        <line num="28" count="2" type="stmt"/>
        <line num="29" count="2" type="stmt"/>
        <line num="30" count="2" type="stmt"/>
        <line num="31" count="2" type="stmt"/>
        <line num="32" count="2" type="stmt"/>
        <line num="33" count="2" type="stmt"/>
        <line num="34" count="2" type="stmt"/>
        <line num="35" count="2" type="stmt"/>
        <line num="36" count="2" type="stmt"/>
        <line num="37" count="2" type="stmt"/>
        <line num="38" count="2" type="stmt"/>
        <line num="39" count="2" type="cond" truecount="1" falsecount="0"/>
        <line num="40" count="2" type="stmt"/>
        <line num="41" count="2" type="stmt"/>
        <line num="42" count="0" type="stmt"/>
        <line num="43" count="0" type="stmt"/>
        <line num="44" count="0" type="stmt"/>
        <line num="45" count="2" type="stmt"/>
        <line num="46" count="2" type="stmt"/>
        <line num="47" count="2" type="stmt"/>
        <line num="48" count="2" type="stmt"/>
        <line num="49" count="0" type="stmt"/>
        <line num="50" count="0" type="stmt"/>
        <line num="51" count="0" type="stmt"/>
        <line num="52" count="0" type="stmt"/>
        <line num="53" count="0" type="stmt"/>
        <line num="54" count="0" type="stmt"/>
        <line num="55" count="0" type="stmt"/>
        <line num="56" count="0" type="stmt"/>
        <line num="57" count="0" type="stmt"/>
        <line num="58" count="0" type="stmt"/>
        <line num="59" count="0" type="stmt"/>
        <line num="60" count="0" type="stmt"/>
        <line num="61" count="0" type="stmt"/>
        <line num="62" count="0" type="stmt"/>
        <line num="63" count="0" type="stmt"/>
        <line num="64" count="0" type="stmt"/>
        <line num="65" count="0" type="stmt"/>
        <line num="66" count="0" type="stmt"/>
        <line num="67" count="0" type="stmt"/>
        <line num="68" count="0" type="stmt"/>
        <line num="69" count="0" type="stmt"/>
        <line num="70" count="0" type="stmt"/>
        <line num="71" count="0" type="stmt"/>
        <line num="72" count="0" type="stmt"/>
        <line num="73" count="0" type="stmt"/>
        <line num="74" count="0" type="stmt"/>
        <line num="75" count="0" type="stmt"/>
        <line num="76" count="0" type="stmt"/>
        <line num="77" count="0" type="stmt"/>
        <line num="78" count="0" type="stmt"/>
        <line num="79" count="2" type="stmt"/>
        <line num="80" count="2" type="stmt"/>
        <line num="81" count="2" type="stmt"/>
        <line num="82" count="2" type="stmt"/>
        <line num="83" count="2" type="stmt"/>
        <line num="84" count="2" type="stmt"/>
        <line num="85" count="2" type="stmt"/>
        <line num="86" count="2" type="stmt"/>
        <line num="87" count="2" type="stmt"/>
        <line num="88" count="2" type="stmt"/>
        <line num="89" count="2" type="stmt"/>
        <line num="90" count="2" type="stmt"/>
        <line num="91" count="2" type="stmt"/>
        <line num="92" count="2" type="stmt"/>
        <line num="93" count="2" type="stmt"/>
        <line num="94" count="2" type="stmt"/>
        <line num="95" count="2" type="stmt"/>
        <line num="96" count="2" type="stmt"/>
        <line num="97" count="2" type="stmt"/>
        <line num="98" count="2" type="stmt"/>
        <line num="99" count="2" type="stmt"/>
        <line num="100" count="2" type="stmt"/>
        <line num="101" count="2" type="stmt"/>
        <line num="102" count="2" type="stmt"/>
        <line num="103" count="2" type="stmt"/>
        <line num="104" count="2" type="stmt"/>
        <line num="105" count="2" type="stmt"/>
        <line num="106" count="2" type="stmt"/>
        <line num="107" count="2" type="stmt"/>
        <line num="108" count="2" type="stmt"/>
        <line num="109" count="2" type="stmt"/>
        <line num="110" count="2" type="stmt"/>
        <line num="111" count="2" type="stmt"/>
        <line num="112" count="2" type="stmt"/>
        <line num="113" count="2" type="stmt"/>
        <line num="114" count="2" type="stmt"/>
        <line num="115" count="2" type="cond" truecount="0" falsecount="1"/>
        <line num="116" count="0" type="stmt"/>
        <line num="117" count="0" type="stmt"/>
        <line num="118" count="0" type="stmt"/>
        <line num="119" count="0" type="stmt"/>
        <line num="120" count="0" type="stmt"/>
        <line num="121" count="0" type="stmt"/>
        <line num="122" count="2" type="stmt"/>
        <line num="123" count="2" type="stmt"/>
        <line num="124" count="2" type="stmt"/>
        <line num="125" count="2" type="stmt"/>
        <line num="126" count="2" type="stmt"/>
        <line num="127" count="2" type="stmt"/>
        <line num="128" count="2" type="stmt"/>
        <line num="129" count="2" type="stmt"/>
        <line num="130" count="2" type="stmt"/>
        <line num="131" count="2" type="stmt"/>
        <line num="132" count="2" type="stmt"/>
        <line num="133" count="2" type="stmt"/>
        <line num="134" count="2" type="stmt"/>
        <line num="135" count="2" type="stmt"/>
        <line num="136" count="2" type="stmt"/>
        <line num="137" count="1" type="stmt"/>
      </file>
    </package>
    <package name="orca_whale_db.src.components.HomePage.Banner">
      <metrics statements="14" coveredstatements="14" conditionals="1" coveredconditionals="1" methods="1" coveredmethods="1"/>
      <file name="Banner.jsx" path="/Users/khamsang/Desktop/winter24/csci342/project/csci342-orca_whale_database/orca_whale_db/src/components/HomePage/Banner/Banner.jsx">
        <metrics statements="14" coveredstatements="14" conditionals="1" coveredconditionals="1" methods="1" coveredmethods="1"/>
        <line num="1" count="8" type="cond" truecount="1" falsecount="0"/>
        <line num="2" count="8" type="stmt"/>
        <line num="3" count="8" type="stmt"/>
        <line num="4" count="8" type="stmt"/>
        <line num="5" count="8" type="stmt"/>
        <line num="6" count="8" type="stmt"/>
        <line num="7" count="8" type="stmt"/>
        <line num="8" count="8" type="stmt"/>
        <line num="9" count="8" type="stmt"/>
        <line num="10" count="8" type="stmt"/>
        <line num="11" count="8" type="stmt"/>
        <line num="12" count="8" type="stmt"/>
        <line num="13" count="1" type="stmt"/>
        <line num="14" count="1" type="stmt"/>
      </file>
    </package>
    <package name="orca_whale_db.src.components.HomePage.Card">
      <metrics statements="24" coveredstatements="24" conditionals="1" coveredconditionals="1" methods="1" coveredmethods="1"/>
      <file name="Card.jsx" path="/Users/khamsang/Desktop/winter24/csci342/project/csci342-orca_whale_database/orca_whale_db/src/components/HomePage/Card/Card.jsx">
        <metrics statements="24" coveredstatements="24" conditionals="1" coveredconditionals="1" methods="1" coveredmethods="1"/>
        <line num="1" count="1" type="stmt"/>
        <line num="2" count="2" type="cond" truecount="1" falsecount="0"/>
        <line num="3" count="2" type="stmt"/>
        <line num="4" count="2" type="stmt"/>
        <line num="5" count="2" type="stmt"/>
        <line num="6" count="2" type="stmt"/>
        <line num="7" count="2" type="stmt"/>
        <line num="8" count="2" type="stmt"/>
        <line num="9" count="2" type="stmt"/>
        <line num="10" count="2" type="stmt"/>
        <line num="11" count="2" type="stmt"/>
        <line num="12" count="2" type="stmt"/>
        <line num="13" count="2" type="stmt"/>
        <line num="14" count="2" type="stmt"/>
        <line num="15" count="2" type="stmt"/>
        <line num="16" count="2" type="stmt"/>
        <line num="17" count="2" type="stmt"/>
        <line num="18" count="2" type="stmt"/>
        <line num="19" count="2" type="stmt"/>
        <line num="20" count="2" type="stmt"/>
        <line num="21" count="2" type="stmt"/>
        <line num="22" count="2" type="stmt"/>
        <line num="23" count="1" type="stmt"/>
        <line num="24" count="1" type="stmt"/>
      </file>
    </package>
    <package name="orca_whale_db.src.components.HomePage.Footer">
      <metrics statements="25" coveredstatements="25" conditionals="1" coveredconditionals="1" methods="1" coveredmethods="1"/>
      <file name="Footer.jsx" path="/Users/khamsang/Desktop/winter24/csci342/project/csci342-orca_whale_database/orca_whale_db/src/components/HomePage/Footer/Footer.jsx">
        <metrics statements="25" coveredstatements="25" conditionals="1" coveredconditionals="1" methods="1" coveredmethods="1"/>
        <line num="1" count="1" type="stmt"/>
        <line num="2" count="1" type="stmt"/>
        <line num="3" count="1" type="cond" truecount="1" falsecount="0"/>
        <line num="4" count="1" type="stmt"/>
        <line num="5" count="1" type="stmt"/>
        <line num="6" count="1" type="stmt"/>
        <line num="7" count="1" type="stmt"/>
        <line num="8" count="1" type="stmt"/>
        <line num="9" count="1" type="stmt"/>
        <line num="10" count="1" type="stmt"/>
        <line num="11" count="1" type="stmt"/>
        <line num="12" count="1" type="stmt"/>
        <line num="13" count="1" type="stmt"/>
        <line num="14" count="1" type="stmt"/>
        <line num="15" count="1" type="stmt"/>
        <line num="16" count="1" type="stmt"/>
        <line num="17" count="1" type="stmt"/>
        <line num="18" count="1" type="stmt"/>
        <line num="19" count="1" type="stmt"/>
        <line num="20" count="1" type="stmt"/>
        <line num="21" count="1" type="stmt"/>
        <line num="22" count="1" type="stmt"/>
        <line num="23" count="1" type="stmt"/>
        <line num="24" count="1" type="stmt"/>
        <line num="25" count="1" type="stmt"/>
      </file>
    </package>
    <package name="orca_whale_db.src.components.HomePage.NavBar">
      <metrics statements="75" coveredstatements="52" conditionals="3" coveredconditionals="2" methods="3" coveredmethods="1"/>
      <file name="NavBar.jsx" path="/Users/khamsang/Desktop/winter24/csci342/project/csci342-orca_whale_database/orca_whale_db/src/components/HomePage/NavBar/NavBar.jsx">
        <metrics statements="75" coveredstatements="52" conditionals="3" coveredconditionals="2" methods="3" coveredmethods="1"/>
        <line num="1" count="1" type="stmt"/>
        <line num="2" count="1" type="stmt"/>
        <line num="3" count="1" type="stmt"/>
        <line num="4" count="1" type="stmt"/>
        <line num="5" count="1" type="stmt"/>
        <line num="6" count="1" type="stmt"/>
        <line num="7" count="1" type="stmt"/>
        <line num="8" count="1" type="cond" truecount="1" falsecount="0"/>
        <line num="9" count="1" type="stmt"/>
        <line num="10" count="1" type="cond" truecount="1" falsecount="0"/>
        <line num="11" count="1" type="stmt"/>
        <line num="12" count="1" type="stmt"/>
        <line num="13" count="0" type="stmt"/>
        <line num="14" count="0" type="stmt"/>
        <line num="15" count="1" type="stmt"/>
        <line num="16" count="0" type="stmt"/>
        <line num="17" count="0" type="stmt"/>
        <line num="18" count="0" type="stmt"/>
        <line num="19" count="1" type="stmt"/>
        <line num="20" count="1" type="stmt"/>
        <line num="21" count="1" type="stmt"/>
        <line num="22" count="1" type="stmt"/>
        <line num="23" count="1" type="stmt"/>
        <line num="24" count="1" type="stmt"/>
        <line num="25" count="1" type="cond" truecount="0" falsecount="1"/>
        <line num="26" count="0" type="stmt"/>
        <line num="27" count="0" type="stmt"/>
        <line num="28" count="0" type="stmt"/>
        <line num="29" count="0" type="stmt"/>
        <line num="30" count="0" type="stmt"/>
        <line num="31" count="0" type="stmt"/>
        <line num="32" count="0" type="stmt"/>
        <line num="33" count="0" type="stmt"/>
        <line num="34" count="0" type="stmt"/>
        <line num="35" count="0" type="stmt"/>
        <line num="36" count="0" type="stmt"/>
        <line num="37" count="0" type="stmt"/>
        <line num="38" count="0" type="stmt"/>
        <line num="39" count="0" type="stmt"/>
        <line num="40" count="0" type="stmt"/>
        <line num="41" count="0" type="stmt"/>
        <line num="42" count="0" type="stmt"/>
        <line num="43" count="0" type="stmt"/>
        <line num="44" count="1" type="stmt"/>
        <line num="45" count="1" type="stmt"/>
        <line num="46" count="1" type="stmt"/>
        <line num="47" count="1" type="stmt"/>
        <line num="48" count="1" type="stmt"/>
        <line num="49" count="1" type="stmt"/>
        <line num="50" count="1" type="stmt"/>
        <line num="51" count="1" type="stmt"/>
        <line num="52" count="1" type="stmt"/>
        <line num="53" count="1" type="stmt"/>
        <line num="54" count="1" type="stmt"/>
        <line num="55" count="1" type="stmt"/>
        <line num="56" count="1" type="stmt"/>
        <line num="57" count="1" type="stmt"/>
        <line num="58" count="1" type="stmt"/>
        <line num="59" count="1" type="stmt"/>
        <line num="60" count="1" type="stmt"/>
        <line num="61" count="1" type="stmt"/>
        <line num="62" count="1" type="stmt"/>
        <line num="63" count="1" type="stmt"/>
        <line num="64" count="1" type="stmt"/>
        <line num="65" count="1" type="stmt"/>
        <line num="66" count="1" type="stmt"/>
        <line num="67" count="1" type="stmt"/>
        <line num="68" count="1" type="stmt"/>
        <line num="69" count="1" type="stmt"/>
        <line num="70" count="1" type="stmt"/>
        <line num="71" count="1" type="stmt"/>
        <line num="72" count="1" type="stmt"/>
        <line num="73" count="1" type="stmt"/>
        <line num="74" count="1" type="stmt"/>
        <line num="75" count="1" type="stmt"/>
      </file>
    </package>
    <package name="orca_whale_db.src.components.HomePage.main">
      <metrics statements="13" coveredstatements="13" conditionals="1" coveredconditionals="1" methods="1" coveredmethods="1"/>
      <file name="HomePage.jsx" path="/Users/khamsang/Desktop/winter24/csci342/project/csci342-orca_whale_database/orca_whale_db/src/components/HomePage/main/HomePage.jsx">
        <metrics statements="13" coveredstatements="13" conditionals="1" coveredconditionals="1" methods="1" coveredmethods="1"/>
        <line num="1" count="1" type="stmt"/>
        <line num="2" count="1" type="stmt"/>
        <line num="3" count="1" type="stmt"/>
        <line num="4" count="2" type="cond" truecount="1" falsecount="0"/>
        <line num="5" count="2" type="stmt"/>
        <line num="6" count="2" type="stmt"/>
        <line num="7" count="2" type="stmt"/>
        <line num="8" count="2" type="stmt"/>
        <line num="9" count="2" type="stmt"/>
        <line num="10" count="2" type="stmt"/>
        <line num="11" count="2" type="stmt"/>
        <line num="12" count="1" type="stmt"/>
        <line num="13" count="1" type="stmt"/>
      </file>
    </package>
    <package name="orca_whale_db.src.components.MapComponent">
      <metrics statements="140" coveredstatements="66" conditionals="5" coveredconditionals="3" methods="4" coveredmethods="2"/>
      <file name="MapComponent.jsx" path="/Users/khamsang/Desktop/winter24/csci342/project/csci342-orca_whale_database/orca_whale_db/src/components/MapComponent/MapComponent.jsx">
        <metrics statements="140" coveredstatements="66" conditionals="5" coveredconditionals="3" methods="4" coveredmethods="2"/>
        <line num="1" count="1" type="stmt"/>
        <line num="2" count="1" type="stmt"/>
        <line num="3" count="1" type="stmt"/>
        <line num="4" count="1" type="stmt"/>
        <line num="5" count="1" type="stmt"/>
        <line num="6" count="1" type="stmt"/>
        <line num="7" count="1" type="stmt"/>
        <line num="8" count="1" type="stmt"/>
        <line num="9" count="1" type="stmt"/>
        <line num="10" count="1" type="stmt"/>
[...]
        <line num="16" count="1" type="stmt"/>
        <line num="17" count="1" type="stmt"/>
        <line num="18" count="1" type="stmt"/>
        <line num="19" count="1" type="stmt"/>
        <line num="20" count="1" type="stmt"/>
        <line num="21" count="1" type="stmt"/>
        <line num="22" count="1" type="stmt"/>
        <line num="23" count="1" type="stmt"/>
        <line num="24" count="1" type="stmt"/>
        <line num="25" count="1" type="stmt"/>
        <line num="26" count="1" type="stmt"/>
        <line num="27" count="1" type="stmt"/>
        <line num="28" count="1" type="stmt"/>
        <line num="29" count="1" type="stmt"/>
        <line num="30" count="1" type="stmt"/>
        <line num="31" count="1" type="stmt"/>
        <line num="32" count="1" type="stmt"/>
        <line num="33" count="1" type="stmt"/>
        <line num="34" count="1" type="stmt"/>
        <line num="35" count="1" type="stmt"/>
        <line num="36" count="1" type="stmt"/>
        <line num="37" count="1" type="stmt"/>
        <line num="38" count="1" type="stmt"/>
        <line num="39" count="1" type="stmt"/>
        <line num="40" count="1" type="stmt"/>
        <line num="41" count="2" type="cond" truecount="1" falsecount="0"/>
        <line num="42" count="2" type="stmt"/>
        <line num="43" count="2" type="stmt"/>
        <line num="44" count="2" type="cond" truecount="1" falsecount="0"/>
        <line num="45" count="2" type="cond" truecount="1" falsecount="0"/>
        <line num="46" count="2" type="stmt"/>
        <line num="47" count="2" type="stmt"/>
        <line num="48" count="2" type="stmt"/>
        <line num="49" count="2" type="cond" truecount="0" falsecount="1"/>
        <line num="50" count="0" type="stmt"/>
        <line num="51" count="0" type="stmt"/>
        <line num="52" count="0" type="stmt"/>
        <line num="53" count="0" type="stmt"/>
        <line num="54" count="0" type="stmt"/>
        <line num="55" count="0" type="stmt"/>
        <line num="56" count="0" type="stmt"/>
        <line num="57" count="0" type="stmt"/>
        <line num="58" count="0" type="stmt"/>
        <line num="59" count="0" type="stmt"/>
        <line num="60" count="0" type="stmt"/>
        <line num="61" count="0" type="stmt"/>
        <line num="62" count="0" type="stmt"/>
        <line num="63" count="0" type="stmt"/>
        <line num="64" count="0" type="stmt"/>
        <line num="65" count="0" type="stmt"/>
        <line num="66" count="0" type="stmt"/>
        <line num="67" count="0" type="stmt"/>
        <line num="68" count="0" type="stmt"/>
        <line num="69" count="0" type="stmt"/>
        <line num="70" count="0" type="stmt"/>
        <line num="71" count="0" type="stmt"/>
        <line num="72" count="0" type="stmt"/>
        <line num="73" count="0" type="stmt"/>
        <line num="74" count="0" type="stmt"/>
        <line num="75" count="0" type="stmt"/>
        <line num="76" count="0" type="stmt"/>
        <line num="77" count="0" type="stmt"/>
        <line num="78" count="0" type="stmt"/>
        <line num="79" count="0" type="stmt"/>
        <line num="80" count="0" type="stmt"/>
        <line num="81" count="0" type="stmt"/>
        <line num="82" count="0" type="stmt"/>
        <line num="83" count="0" type="stmt"/>
        <line num="84" count="0" type="stmt"/>
        <line num="85" count="0" type="stmt"/>
        <line num="86" count="0" type="stmt"/>
        <line num="87" count="0" type="stmt"/>
        <line num="88" count="0" type="stmt"/>
        <line num="89" count="2" type="stmt"/>
        <line num="90" count="2" type="stmt"/>
        <line num="91" count="2" type="stmt"/>
        <line num="92" count="2" type="stmt"/>
        <line num="93" count="2" type="stmt"/>
        <line num="94" count="2" type="stmt"/>
        <line num="95" count="2" type="stmt"/>
        <line num="96" count="2" type="stmt"/>
        <line num="97" count="2" type="stmt"/>
        <line num="98" count="2" type="stmt"/>
        <line num="99" count="2" type="stmt"/>
        <line num="100" count="2" type="stmt"/>
        <line num="101" count="2" type="stmt"/>
        <line num="102" count="2" type="stmt"/>
        <line num="103" count="2" type="stmt"/>
        <line num="104" count="2" type="stmt"/>
        <line num="105" count="2" type="stmt"/>
        <line num="106" count="2" type="stmt"/>
        <line num="107" count="2" type="stmt"/>
        <line num="108" count="2" type="stmt"/>
        <line num="109" count="2" type="stmt"/>
        <line num="110" count="2" type="stmt"/>
        <line num="111" count="2" type="stmt"/>
        <line num="112" count="2" type="stmt"/>
        <line num="113" count="2" type="stmt"/>
        <line num="114" count="2" type="stmt"/>
        <line num="115" count="2" type="stmt"/>
        <line num="116" count="2" type="stmt"/>
        <line num="117" count="2" type="stmt"/>
        <line num="118" count="2" type="stmt"/>
        <line num="119" count="2" type="stmt"/>
        <line num="120" count="2" type="cond" truecount="1" falsecount="0"/>
        <line num="121" count="6" type="stmt"/>
        <line num="122" count="6" type="stmt"/>
        <line num="123" count="6" type="stmt"/>
        <line num="124" count="6" type="stmt"/>
        <line num="125" count="6" type="stmt"/>
        <line num="126" count="6" type="stmt"/>
        <line num="127" count="6" type="stmt"/>
        <line num="128" count="2" type="stmt"/>
        <line num="129" count="2" type="stmt"/>
        <line num="130" count="2" type="stmt"/>
        <line num="131" count="2" type="stmt"/>
        <line num="132" count="2" type="stmt"/>
        <line num="133" count="2" type="stmt"/>
        <line num="134" count="2" type="stmt"/>
        <line num="135" count="2" type="cond" truecount="0" falsecount="1"/>
        <line num="136" count="0" type="stmt"/>
        <line num="137" count="0" type="stmt"/>
        <line num="138" count="0" type="stmt"/>
        <line num="139" count="2" type="stmt"/>
        <line num="140" count="2" type="stmt"/>
        <line num="141" count="2" type="stmt"/>
        <line num="142" count="2" type="stmt"/>
        <line num="143" count="2" type="stmt"/>
        <line num="144" count="2" type="stmt"/>
        <line num="145" count="2" type="stmt"/>
        <line num="146" count="2" type="stmt"/>
        <line num="147" count="2" type="stmt"/>
        <line num="148" count="1" type="stmt"/>
        <line num="149" count="1" type="stmt"/>
      </file>
    </package>
    <package name="orca_whale_db.src.components.Whales.WhaleBios.OrcaBio.OffshoreBio">
      <metrics statements="33" coveredstatements="33" conditionals="1" coveredconditionals="1" methods="1" coveredmethods="1"/>
      <file name="OffshoreBio.jsx" path="/Users/khamsang/Desktop/winter24/csci342/project/csci342-orca_whale_database/orca_whale_db/src/components/Whales/WhaleBios/OrcaBio/OffshoreBio/OffshoreBio.jsx">
        <metrics statements="33" coveredstatements="33" conditionals="1" coveredconditionals="1" methods="1" coveredmethods="1"/>
        <line num="1" count="1" type="stmt"/>
        <line num="2" count="1" type="stmt"/>
        <line num="3" count="1" type="stmt"/>
        <line num="4" count="1" type="stmt"/>
        <line num="5" count="1" type="stmt"/>
        <line num="6" count="2" type="cond" truecount="1" falsecount="0"/>
        <line num="7" count="2" type="stmt"/>
        <line num="8" count="2" type="stmt"/>
        <line num="9" count="2" type="stmt"/>
        <line num="10" count="2" type="stmt"/>
        <line num="11" count="2" type="stmt"/>
        <line num="12" count="2" type="stmt"/>
        <line num="13" count="2" type="stmt"/>
        <line num="14" count="2" type="stmt"/>
        <line num="15" count="2" type="stmt"/>
        <line num="16" count="2" type="stmt"/>
        <line num="17" count="2" type="stmt"/>
        <line num="18" count="2" type="stmt"/>
        <line num="19" count="2" type="stmt"/>
        <line num="20" count="2" type="stmt"/>
        <line num="21" count="2" type="stmt"/>
        <line num="22" count="2" type="stmt"/>
        <line num="23" count="2" type="stmt"/>
        <line num="24" count="2" type="stmt"/>
        <line num="25" count="2" type="stmt"/>
        <line num="26" count="2" type="stmt"/>
        <line num="27" count="2" type="stmt"/>
        <line num="28" count="2" type="stmt"/>
        <line num="29" count="2" type="stmt"/>
        <line num="30" count="2" type="stmt"/>
        <line num="31" count="2" type="stmt"/>
        <line num="32" count="1" type="stmt"/>
        <line num="33" count="1" type="stmt"/>
      </file>
    </package>
    <package name="orca_whale_db.src.components.Whales.WhaleBios.OrcaBio.ResidentBio">
      <metrics statements="17" coveredstatements="17" conditionals="1" coveredconditionals="1" methods="1" coveredmethods="1"/>
      <file name="ResidentBio.jsx" path="/Users/khamsang/Desktop/winter24/csci342/project/csci342-orca_whale_database/orca_whale_db/src/components/Whales/WhaleBios/OrcaBio/ResidentBio/ResidentBio.jsx">
        <metrics statements="17" coveredstatements="17" conditionals="1" coveredconditionals="1" methods="1" coveredmethods="1"/>
        <line num="1" count="1" type="stmt"/>
        <line num="2" count="1" type="stmt"/>
        <line num="3" count="1" type="stmt"/>
        <line num="4" count="2" type="cond" truecount="1" falsecount="0"/>
        <line num="5" count="2" type="stmt"/>
        <line num="6" count="2" type="stmt"/>
        <line num="7" count="2" type="stmt"/>
        <line num="8" count="2" type="stmt"/>
        <line num="9" count="2" type="stmt"/>
        <line num="10" count="2" type="stmt"/>
        <line num="11" count="2" type="stmt"/>
        <line num="12" count="2" type="stmt"/>
        <line num="13" count="2" type="stmt"/>
        <line num="14" count="2" type="stmt"/>
        <line num="15" count="2" type="stmt"/>
        <line num="16" count="1" type="stmt"/>
        <line num="17" count="1" type="stmt"/>
      </file>
    </package>
    <package name="orca_whale_db.src.components.Whales.WhaleBios.OrcaBio.TransientBio">
      <metrics statements="17" coveredstatements="17" conditionals="1" coveredconditionals="1" methods="1" coveredmethods="1"/>
      <file name="TransientBio.jsx" path="/Users/khamsang/Desktop/winter24/csci342/project/csci342-orca_whale_database/orca_whale_db/src/components/Whales/WhaleBios/OrcaBio/TransientBio/TransientBio.jsx">
        <metrics statements="17" coveredstatements="17" conditionals="1" coveredconditionals="1" methods="1" coveredmethods="1"/>
        <line num="1" count="1" type="stmt"/>
        <line num="2" count="1" type="stmt"/>
        <line num="3" count="1" type="stmt"/>
        <line num="4" count="2" type="cond" truecount="1" falsecount="0"/>
        <line num="5" count="2" type="stmt"/>
        <line num="6" count="2" type="stmt"/>
        <line num="7" count="2" type="stmt"/>
        <line num="8" count="2" type="stmt"/>
        <line num="9" count="2" type="stmt"/>
        <line num="10" count="2" type="stmt"/>
        <line num="11" count="2" type="stmt"/>
        <line num="12" count="2" type="stmt"/>
        <line num="13" count="2" type="stmt"/>
        <line num="14" count="2" type="stmt"/>
        <line num="15" count="2" type="stmt"/>
        <line num="16" count="1" type="stmt"/>
        <line num="17" count="1" type="stmt"/>
      </file>
    </package>
    <package name="orca_whale_db.src.components.Whales.WhaleGroup">
      <metrics statements="62" coveredstatements="27" conditionals="2" coveredconditionals="1" methods="2" coveredmethods="1"/>
      <file name="GroupCard.jsx" path="/Users/khamsang/Desktop/winter24/csci342/project/csci342-orca_whale_database/orca_whale_db/src/components/Whales/WhaleGroup/GroupCard.jsx">
        <metrics statements="35" coveredstatements="0" conditionals="1" coveredconditionals="0" methods="1" coveredmethods="0"/>
        <line num="1" count="0" type="cond" truecount="0" falsecount="1"/>
        <line num="2" count="0" type="stmt"/>
        <line num="3" count="0" type="stmt"/>
        <line num="4" count="0" type="stmt"/>
        <line num="5" count="0" type="stmt"/>
        <line num="6" count="0" type="stmt"/>
        <line num="7" count="0" type="stmt"/>
        <line num="8" count="0" type="stmt"/>
        <line num="9" count="0" type="stmt"/>
        <line num="10" count="0" type="stmt"/>
        <line num="11" count="0" type="stmt"/>
        <line num="12" count="0" type="stmt"/>
        <line num="13" count="0" type="stmt"/>
        <line num="14" count="0" type="stmt"/>
        <line num="15" count="0" type="stmt"/>
        <line num="16" count="0" type="stmt"/>
        <line num="17" count="0" type="stmt"/>
        <line num="18" count="0" type="stmt"/>
        <line num="19" count="0" type="stmt"/>
        <line num="20" count="0" type="stmt"/>
        <line num="21" count="0" type="stmt"/>
        <line num="22" count="0" type="stmt"/>
        <line num="23" count="0" type="stmt"/>
        <line num="24" count="0" type="stmt"/>
        <line num="25" count="0" type="stmt"/>
        <line num="26" count="0" type="stmt"/>
        <line num="27" count="0" type="stmt"/>
        <line num="28" count="0" type="stmt"/>
        <line num="29" count="0" type="stmt"/>
        <line num="30" count="0" type="stmt"/>
        <line num="31" count="0" type="stmt"/>
        <line num="32" count="0" type="stmt"/>
        <line num="33" count="0" type="stmt"/>
        <line num="34" count="0" type="stmt"/>
        <line num="35" count="0" type="stmt"/>
      </file>
      <file name="SpeciesProfile.jsx" path="/Users/khamsang/Desktop/winter24/csci342/project/csci342-orca_whale_database/orca_whale_db/src/components/Whales/WhaleGroup/SpeciesProfile.jsx">
        <metrics statements="27" coveredstatements="27" conditionals="1" coveredconditionals="1" methods="1" coveredmethods="1"/>
        <line num="1" count="1" type="stmt"/>
        <line num="2" count="1" type="stmt"/>
        <line num="3" count="1" type="stmt"/>
        <line num="4" count="1" type="stmt"/>
        <line num="5" count="13" type="cond" truecount="1" falsecount="0"/>
        <line num="6" count="13" type="stmt"/>
        <line num="7" count="13" type="stmt"/>
        <line num="8" count="13" type="stmt"/>
        <line num="9" count="13" type="stmt"/>
        <line num="10" count="13" type="stmt"/>
        <line num="11" count="13" type="stmt"/>
        <line num="12" count="13" type="stmt"/>
        <line num="13" count="13" type="stmt"/>
        <line num="14" count="13" type="stmt"/>
        <line num="15" count="13" type="stmt"/>
        <line num="16" count="13" type="stmt"/>
        <line num="17" count="13" type="stmt"/>
        <line num="18" count="13" type="stmt"/>
        <line num="19" count="13" type="stmt"/>
        <line num="20" count="13" type="stmt"/>
        <line num="21" count="13" type="stmt"/>
        <line num="22" count="13" type="stmt"/>
        <line num="23" count="13" type="stmt"/>
        <line num="24" count="13" type="stmt"/>
        <line num="25" count="13" type="stmt"/>
        <line num="26" count="1" type="stmt"/>
        <line num="27" count="1" type="stmt"/>
      </file>
    </package>
    <package name="orca_whale_db.src.store">
      <metrics statements="10" coveredstatements="10" conditionals="0" coveredconditionals="0" methods="0" coveredmethods="0"/>
      <file name="store.jsx" path="/Users/khamsang/Desktop/winter24/csci342/project/csci342-orca_whale_database/orca_whale_db/src/store/store.jsx">
        <metrics statements="10" coveredstatements="10" conditionals="0" coveredconditionals="0" methods="0" coveredmethods="0"/>
        <line num="1" count="1" type="stmt"/>
        <line num="2" count="1" type="stmt"/>
        <line num="3" count="1" type="stmt"/>
        <line num="4" count="1" type="stmt"/>
        <line num="5" count="1" type="stmt"/>
        <line num="6" count="1" type="stmt"/>
        <line num="7" count="1" type="stmt"/>
        <line num="8" count="1" type="stmt"/>
        <line num="9" count="1" type="stmt"/>
        <line num="10" count="1" type="stmt"/>
      </file>
    </package>
    <package name="orca_whale_db.src.store.slices">
      <metrics statements="36" coveredstatements="28" conditionals="0" coveredconditionals="0" methods="3" coveredmethods="0"/>
      <file name="authSlices.jsx" path="/Users/khamsang/Desktop/winter24/csci342/project/csci342-orca_whale_database/orca_whale_db/src/store/slices/authSlices.jsx">
        <metrics statements="36" coveredstatements="28" conditionals="0" coveredconditionals="0" methods="3" coveredmethods="0"/>
        <line num="1" count="1" type="stmt"/>
        <line num="2" count="1" type="stmt"/>
        <line num="3" count="1" type="stmt"/>
        <line num="4" count="1" type="stmt"/>
        <line num="5" count="1" type="stmt"/>
        <line num="6" count="1" type="stmt"/>
        <line num="7" count="1" type="stmt"/>
        <line num="8" count="1" type="stmt"/>
        <line num="9" count="1" type="stmt"/>
        <line num="10" count="1" type="stmt"/>
        <line num="11" count="1" type="stmt"/>
        <line num="12" count="1" type="stmt"/>
        <line num="13" count="1" type="stmt"/>
        <line num="14" count="1" type="stmt"/>
        <line num="15" count="1" type="stmt"/>
        <line num="16" count="1" type="stmt"/>
        <line num="17" count="1" type="stmt"/>
        <line num="18" count="0" type="stmt"/>
        <line num="19" count="0" type="stmt"/>
        <line num="20" count="0" type="stmt"/>
        <line num="21" count="1" type="stmt"/>
        <line num="22" count="1" type="stmt"/>
        <line num="23" count="0" type="stmt"/>
        <line num="24" count="0" type="stmt"/>
        <line num="25" count="0" type="stmt"/>
        <line num="26" count="1" type="stmt"/>
        <line num="27" count="1" type="stmt"/>
        <line num="28" count="0" type="stmt"/>
        <line num="29" count="0" type="stmt"/>
        <line num="30" count="1" type="stmt"/>
        <line num="31" count="1" type="stmt"/>
        <line num="32" count="1" type="stmt"/>
        <line num="33" count="1" type="stmt"/>
        <line num="34" count="1" type="stmt"/>
        <line num="35" count="1" type="stmt"/>
        <line num="36" count="1" type="stmt"/>
      </file>
    </package>
    <package name="orca_whale_db.src.util">
      <metrics statements="21" coveredstatements="0" conditionals="1" coveredconditionals="0" methods="1" coveredmethods="0"/>
      <file name="ProtectedRoute.jsx" path="/Users/khamsang/Desktop/winter24/csci342/project/csci342-orca_whale_database/orca_whale_db/src/util/ProtectedRoute.jsx">
        <metrics statements="21" coveredstatements="0" conditionals="1" coveredconditionals="0" methods="1" coveredmethods="0"/>
        <line num="1" count="0" type="cond" truecount="0" falsecount="1"/>
        <line num="2" count="0" type="stmt"/>
        <line num="3" count="0" type="stmt"/>
        <line num="4" count="0" type="stmt"/>
        <line num="5" count="0" type="stmt"/>
        <line num="6" count="0" type="stmt"/>
        <line num="7" count="0" type="stmt"/>
        <line num="8" count="0" type="stmt"/>
        <line num="9" count="0" type="stmt"/>
        <line num="10" count="0" type="stmt"/>
        <line num="11" count="0" type="stmt"/>
        <line num="12" count="0" type="stmt"/>
        <line num="13" count="0" type="stmt"/>
        <line num="14" count="0" type="stmt"/>
        <line num="15" count="0" type="stmt"/>
        <line num="16" count="0" type="stmt"/>
        <line num="17" count="0" type="stmt"/>
        <line num="18" count="0" type="stmt"/>
        <line num="19" count="0" type="stmt"/>
        <line num="20" count="0" type="stmt"/>
        <line num="21" count="0" type="stmt"/>
      </file>
    </package>
  </project>
</coverage>
